{"C:\\Users\\Marton_Szel\\Desktop\\EPAM\\H2G\\Module-3-Javascript-Coding-Task\\src\\content-weight.js": {"path":"C:\\Users\\Marton_Szel\\Desktop\\EPAM\\H2G\\Module-3-Javascript-Coding-Task\\src\\content-weight.js","all":false,"statementMap":{"0":{"start":{"line":1,"column":0},"end":{"line":1,"column":0}},"1":{"start":{"line":2,"column":0},"end":{"line":2,"column":13}},"2":{"start":{"line":3,"column":0},"end":{"line":3,"column":188}},"3":{"start":{"line":4,"column":0},"end":{"line":4,"column":0}},"4":{"start":{"line":5,"column":0},"end":{"line":5,"column":3}},"5":{"start":{"line":6,"column":0},"end":{"line":6,"column":77}},"6":{"start":{"line":7,"column":0},"end":{"line":7,"column":116}},"7":{"start":{"line":8,"column":0},"end":{"line":8,"column":3}},"8":{"start":{"line":9,"column":0},"end":{"line":9,"column":0}},"9":{"start":{"line":10,"column":0},"end":{"line":10,"column":0}},"10":{"start":{"line":11,"column":0},"end":{"line":11,"column":14}},"11":{"start":{"line":12,"column":0},"end":{"line":12,"column":0}},"12":{"start":{"line":13,"column":0},"end":{"line":13,"column":55}},"13":{"start":{"line":14,"column":0},"end":{"line":14,"column":0}},"14":{"start":{"line":15,"column":0},"end":{"line":15,"column":42}},"15":{"start":{"line":16,"column":0},"end":{"line":16,"column":0}},"16":{"start":{"line":17,"column":0},"end":{"line":17,"column":40}},"17":{"start":{"line":18,"column":0},"end":{"line":18,"column":0}},"18":{"start":{"line":19,"column":0},"end":{"line":19,"column":89}},"19":{"start":{"line":20,"column":0},"end":{"line":20,"column":0}},"20":{"start":{"line":21,"column":0},"end":{"line":21,"column":65}},"21":{"start":{"line":22,"column":0},"end":{"line":22,"column":0}},"22":{"start":{"line":23,"column":0},"end":{"line":23,"column":1}},"23":{"start":{"line":24,"column":0},"end":{"line":24,"column":0}},"24":{"start":{"line":25,"column":0},"end":{"line":25,"column":59}},"25":{"start":{"line":26,"column":0},"end":{"line":26,"column":60}},"26":{"start":{"line":27,"column":0},"end":{"line":27,"column":60}},"27":{"start":{"line":28,"column":0},"end":{"line":28,"column":60}},"28":{"start":{"line":29,"column":0},"end":{"line":29,"column":62}},"29":{"start":{"line":30,"column":0},"end":{"line":30,"column":0}},"30":{"start":{"line":31,"column":0},"end":{"line":31,"column":0}},"31":{"start":{"line":32,"column":0},"end":{"line":32,"column":14}},"32":{"start":{"line":33,"column":0},"end":{"line":33,"column":0}},"33":{"start":{"line":34,"column":0},"end":{"line":34,"column":57}},"34":{"start":{"line":35,"column":0},"end":{"line":35,"column":162}},"35":{"start":{"line":36,"column":0},"end":{"line":36,"column":0}},"36":{"start":{"line":37,"column":0},"end":{"line":37,"column":63}},"37":{"start":{"line":38,"column":0},"end":{"line":38,"column":64}},"38":{"start":{"line":39,"column":0},"end":{"line":39,"column":64}},"39":{"start":{"line":40,"column":0},"end":{"line":40,"column":64}},"40":{"start":{"line":41,"column":0},"end":{"line":41,"column":66}}},"s":{"0":1,"1":1,"2":1,"3":1,"4":1,"5":1,"6":1,"7":1,"8":1,"9":1,"10":1,"11":1,"12":1,"13":2,"14":2,"15":2,"16":2,"17":1,"18":1,"19":1,"20":2,"21":2,"22":2,"23":1,"24":1,"25":1,"26":1,"27":1,"28":1,"29":1,"30":1,"31":1,"32":1,"33":1,"34":1,"35":1,"36":1,"37":1,"38":1,"39":1,"40":1},"branchMap":{"0":{"type":"branch","line":13,"loc":{"start":{"line":13,"column":29},"end":{"line":23,"column":1}},"locations":[{"start":{"line":13,"column":29},"end":{"line":23,"column":1}}]},"1":{"type":"branch","line":17,"loc":{"start":{"line":17,"column":39},"end":{"line":21,"column":19}},"locations":[{"start":{"line":17,"column":39},"end":{"line":21,"column":19}}]},"2":{"type":"branch","line":34,"loc":{"start":{"line":34,"column":33},"end":{"line":35,"column":128}},"locations":[{"start":{"line":34,"column":33},"end":{"line":35,"column":128}}]},"3":{"type":"branch","line":35,"loc":{"start":{"line":35,"column":4},"end":{"line":35,"column":39}},"locations":[{"start":{"line":35,"column":4},"end":{"line":35,"column":39}}]},"4":{"type":"branch","line":35,"loc":{"start":{"line":35,"column":4},"end":{"line":35,"column":128}},"locations":[{"start":{"line":35,"column":4},"end":{"line":35,"column":128}}]}},"b":{"0":[2],"1":[1],"2":[2],"3":[1],"4":[1]},"fnMap":{"0":{"name":"contentWeight","decl":{"start":{"line":13,"column":29},"end":{"line":23,"column":1}},"loc":{"start":{"line":13,"column":29},"end":{"line":23,"column":1}},"line":13},"1":{"name":"contentWeightCalc","decl":{"start":{"line":34,"column":33},"end":{"line":35,"column":128}},"loc":{"start":{"line":34,"column":33},"end":{"line":35,"column":128}},"line":34}},"f":{"0":2,"1":2}}
,"C:\\Users\\Marton_Szel\\Desktop\\EPAM\\H2G\\Module-3-Javascript-Coding-Task\\src\\file-extension.js": {"path":"C:\\Users\\Marton_Szel\\Desktop\\EPAM\\H2G\\Module-3-Javascript-Coding-Task\\src\\file-extension.js","all":false,"statementMap":{"0":{"start":{"line":1,"column":0},"end":{"line":1,"column":13}},"1":{"start":{"line":2,"column":0},"end":{"line":2,"column":0}},"2":{"start":{"line":3,"column":0},"end":{"line":3,"column":14}},"3":{"start":{"line":4,"column":0},"end":{"line":4,"column":0}},"4":{"start":{"line":5,"column":0},"end":{"line":5,"column":45}},"5":{"start":{"line":6,"column":0},"end":{"line":6,"column":44}},"6":{"start":{"line":7,"column":0},"end":{"line":7,"column":110}},"7":{"start":{"line":8,"column":0},"end":{"line":8,"column":1}},"8":{"start":{"line":9,"column":0},"end":{"line":9,"column":0}},"9":{"start":{"line":10,"column":0},"end":{"line":10,"column":54}},"10":{"start":{"line":11,"column":0},"end":{"line":11,"column":62}},"11":{"start":{"line":12,"column":0},"end":{"line":12,"column":52}},"12":{"start":{"line":13,"column":0},"end":{"line":13,"column":50}},"13":{"start":{"line":14,"column":0},"end":{"line":14,"column":0}},"14":{"start":{"line":15,"column":0},"end":{"line":15,"column":0}},"15":{"start":{"line":16,"column":0},"end":{"line":16,"column":14}},"16":{"start":{"line":17,"column":0},"end":{"line":17,"column":0}},"17":{"start":{"line":18,"column":0},"end":{"line":18,"column":23}},"18":{"start":{"line":19,"column":0},"end":{"line":19,"column":122}},"19":{"start":{"line":20,"column":0},"end":{"line":20,"column":0}},"20":{"start":{"line":21,"column":0},"end":{"line":21,"column":47}},"21":{"start":{"line":22,"column":0},"end":{"line":22,"column":55}},"22":{"start":{"line":23,"column":0},"end":{"line":23,"column":45}},"23":{"start":{"line":24,"column":0},"end":{"line":24,"column":43}}},"s":{"0":1,"1":1,"2":1,"3":1,"4":1,"5":2,"6":2,"7":2,"8":1,"9":1,"10":1,"11":1,"12":1,"13":1,"14":1,"15":1,"16":1,"17":1,"18":1,"19":1,"20":1,"21":1,"22":1,"23":1},"branchMap":{"0":{"type":"branch","line":5,"loc":{"start":{"line":5,"column":32},"end":{"line":8,"column":1}},"locations":[{"start":{"line":5,"column":32},"end":{"line":8,"column":1}}]},"1":{"type":"branch","line":7,"loc":{"start":{"line":7,"column":11},"end":{"line":7,"column":65}},"locations":[{"start":{"line":7,"column":11},"end":{"line":7,"column":65}}]},"2":{"type":"branch","line":7,"loc":{"start":{"line":7,"column":11},"end":{"line":7,"column":73}},"locations":[{"start":{"line":7,"column":11},"end":{"line":7,"column":73}}]},"3":{"type":"branch","line":7,"loc":{"start":{"line":7,"column":11},"end":{"line":7,"column":86}},"locations":[{"start":{"line":7,"column":11},"end":{"line":7,"column":86}}]},"4":{"type":"branch","line":19,"loc":{"start":{"line":19,"column":26},"end":{"line":19,"column":122}},"locations":[{"start":{"line":19,"column":26},"end":{"line":19,"column":122}}]},"5":{"type":"branch","line":19,"loc":{"start":{"line":19,"column":35},"end":{"line":19,"column":70}},"locations":[{"start":{"line":19,"column":35},"end":{"line":19,"column":70}}]},"6":{"type":"branch","line":19,"loc":{"start":{"line":19,"column":35},"end":{"line":19,"column":122}},"locations":[{"start":{"line":19,"column":35},"end":{"line":19,"column":122}}]}},"b":{"0":[2],"1":[1],"2":[1],"3":[1],"4":[2],"5":[1],"6":[1]},"fnMap":{"0":{"name":"getFileExtension","decl":{"start":{"line":5,"column":32},"end":{"line":8,"column":1}},"loc":{"start":{"line":5,"column":32},"end":{"line":8,"column":1}},"line":5},"1":{"name":"extension","decl":{"start":{"line":19,"column":26},"end":{"line":19,"column":122}},"loc":{"start":{"line":19,"column":26},"end":{"line":19,"column":122}},"line":19}},"f":{"0":2,"1":2}}
,"C:\\Users\\Marton_Szel\\Desktop\\EPAM\\H2G\\Module-3-Javascript-Coding-Task\\src\\first-duplicate.js": {"path":"C:\\Users\\Marton_Szel\\Desktop\\EPAM\\H2G\\Module-3-Javascript-Coding-Task\\src\\first-duplicate.js","all":false,"statementMap":{"0":{"start":{"line":1,"column":0},"end":{"line":1,"column":13}},"1":{"start":{"line":2,"column":0},"end":{"line":2,"column":0}},"2":{"start":{"line":3,"column":0},"end":{"line":3,"column":14}},"3":{"start":{"line":4,"column":0},"end":{"line":4,"column":0}},"4":{"start":{"line":5,"column":0},"end":{"line":5,"column":44}},"5":{"start":{"line":6,"column":0},"end":{"line":6,"column":0}},"6":{"start":{"line":7,"column":0},"end":{"line":7,"column":29}},"7":{"start":{"line":8,"column":0},"end":{"line":8,"column":17}},"8":{"start":{"line":9,"column":0},"end":{"line":9,"column":5}},"9":{"start":{"line":10,"column":0},"end":{"line":10,"column":43}},"10":{"start":{"line":11,"column":0},"end":{"line":11,"column":52}},"11":{"start":{"line":12,"column":0},"end":{"line":12,"column":47}},"12":{"start":{"line":13,"column":0},"end":{"line":13,"column":52}},"13":{"start":{"line":14,"column":0},"end":{"line":14,"column":41}},"14":{"start":{"line":15,"column":0},"end":{"line":15,"column":80}},"15":{"start":{"line":16,"column":0},"end":{"line":16,"column":33}},"16":{"start":{"line":17,"column":0},"end":{"line":17,"column":9}},"17":{"start":{"line":18,"column":0},"end":{"line":18,"column":5}},"18":{"start":{"line":19,"column":0},"end":{"line":19,"column":13}},"19":{"start":{"line":20,"column":0},"end":{"line":20,"column":1}},"20":{"start":{"line":21,"column":0},"end":{"line":21,"column":0}},"21":{"start":{"line":22,"column":0},"end":{"line":22,"column":50}},"22":{"start":{"line":23,"column":0},"end":{"line":23,"column":47}},"23":{"start":{"line":24,"column":0},"end":{"line":24,"column":0}},"24":{"start":{"line":25,"column":0},"end":{"line":25,"column":0}},"25":{"start":{"line":26,"column":0},"end":{"line":26,"column":28}},"26":{"start":{"line":27,"column":0},"end":{"line":27,"column":0}},"27":{"start":{"line":28,"column":0},"end":{"line":28,"column":44}},"28":{"start":{"line":29,"column":0},"end":{"line":29,"column":0}},"29":{"start":{"line":30,"column":0},"end":{"line":30,"column":31}},"30":{"start":{"line":31,"column":0},"end":{"line":31,"column":0}},"31":{"start":{"line":32,"column":0},"end":{"line":32,"column":41}},"32":{"start":{"line":33,"column":0},"end":{"line":33,"column":33}},"33":{"start":{"line":34,"column":0},"end":{"line":34,"column":9}},"34":{"start":{"line":35,"column":0},"end":{"line":35,"column":0}},"35":{"start":{"line":36,"column":0},"end":{"line":36,"column":43}},"36":{"start":{"line":37,"column":0},"end":{"line":37,"column":35}},"37":{"start":{"line":38,"column":0},"end":{"line":38,"column":26}},"38":{"start":{"line":39,"column":0},"end":{"line":39,"column":19}},"39":{"start":{"line":40,"column":0},"end":{"line":40,"column":38}},"40":{"start":{"line":41,"column":0},"end":{"line":41,"column":12}},"41":{"start":{"line":42,"column":0},"end":{"line":42,"column":8}},"42":{"start":{"line":43,"column":0},"end":{"line":43,"column":16}},"43":{"start":{"line":44,"column":0},"end":{"line":44,"column":4}},"44":{"start":{"line":45,"column":0},"end":{"line":45,"column":0}},"45":{"start":{"line":46,"column":0},"end":{"line":46,"column":47}},"46":{"start":{"line":47,"column":0},"end":{"line":47,"column":47}},"47":{"start":{"line":48,"column":0},"end":{"line":48,"column":70}},"48":{"start":{"line":49,"column":0},"end":{"line":49,"column":0}},"49":{"start":{"line":50,"column":0},"end":{"line":50,"column":0}},"50":{"start":{"line":51,"column":0},"end":{"line":51,"column":14}},"51":{"start":{"line":52,"column":0},"end":{"line":52,"column":0}},"52":{"start":{"line":53,"column":0},"end":{"line":53,"column":124}},"53":{"start":{"line":54,"column":0},"end":{"line":54,"column":0}},"54":{"start":{"line":55,"column":0},"end":{"line":55,"column":51}},"55":{"start":{"line":56,"column":0},"end":{"line":56,"column":48}},"56":{"start":{"line":57,"column":0},"end":{"line":57,"column":52}}},"s":{"0":1,"1":1,"2":1,"3":1,"4":1,"5":3,"6":3,"7":1,"8":1,"9":3,"10":5,"11":5,"12":5,"13":5,"14":5,"15":1,"16":1,"17":5,"18":1,"19":1,"20":1,"21":1,"22":1,"23":1,"24":1,"25":1,"26":1,"27":1,"28":1,"29":1,"30":1,"31":1,"32":1,"33":1,"34":1,"35":1,"36":1,"37":1,"38":1,"39":1,"40":1,"41":1,"42":1,"43":1,"44":1,"45":1,"46":1,"47":1,"48":1,"49":1,"50":1,"51":1,"52":1,"53":1,"54":1,"55":1,"56":1},"branchMap":{"0":{"type":"branch","line":5,"loc":{"start":{"line":5,"column":34},"end":{"line":20,"column":1}},"locations":[{"start":{"line":5,"column":34},"end":{"line":20,"column":1}}]},"1":{"type":"branch","line":7,"loc":{"start":{"line":7,"column":28},"end":{"line":9,"column":5}},"locations":[{"start":{"line":7,"column":28},"end":{"line":9,"column":5}}]},"2":{"type":"branch","line":10,"loc":{"start":{"line":10,"column":-2},"end":{"line":10,"column":9}},"locations":[{"start":{"line":10,"column":-2},"end":{"line":10,"column":9}}]},"3":{"type":"branch","line":10,"loc":{"start":{"line":10,"column":42},"end":{"line":18,"column":5}},"locations":[{"start":{"line":10,"column":42},"end":{"line":18,"column":5}}]},"4":{"type":"branch","line":15,"loc":{"start":{"line":15,"column":79},"end":{"line":17,"column":9}},"locations":[{"start":{"line":15,"column":79},"end":{"line":17,"column":9}}]},"5":{"type":"branch","line":19,"loc":{"start":{"line":19,"column":-2},"end":{"line":20,"column":1}},"locations":[{"start":{"line":19,"column":-2},"end":{"line":20,"column":1}}]},"6":{"type":"branch","line":53,"loc":{"start":{"line":53,"column":35},"end":{"line":53,"column":124}},"locations":[{"start":{"line":53,"column":35},"end":{"line":53,"column":124}}]},"7":{"type":"branch","line":53,"loc":{"start":{"line":53,"column":44},"end":{"line":53,"column":124}},"locations":[{"start":{"line":53,"column":44},"end":{"line":53,"column":124}}]},"8":{"type":"branch","line":53,"loc":{"start":{"line":53,"column":60},"end":{"line":53,"column":121}},"locations":[{"start":{"line":53,"column":60},"end":{"line":53,"column":121}}]}},"b":{"0":[3],"1":[1],"2":[2],"3":[5],"4":[1],"5":[1],"6":[3],"7":[1],"8":[5]},"fnMap":{"0":{"name":"getFirstDuplicate","decl":{"start":{"line":5,"column":34},"end":{"line":20,"column":1}},"loc":{"start":{"line":5,"column":34},"end":{"line":20,"column":1}},"line":5},"1":{"name":"findFirstDuplicate","decl":{"start":{"line":53,"column":35},"end":{"line":53,"column":124}},"loc":{"start":{"line":53,"column":35},"end":{"line":53,"column":124}},"line":53}},"f":{"0":3,"1":3}}
,"C:\\Users\\Marton_Szel\\Desktop\\EPAM\\H2G\\Module-3-Javascript-Coding-Task\\src\\friday-13.js": {"path":"C:\\Users\\Marton_Szel\\Desktop\\EPAM\\H2G\\Module-3-Javascript-Coding-Task\\src\\friday-13.js","all":false,"statementMap":{"0":{"start":{"line":1,"column":0},"end":{"line":1,"column":13}},"1":{"start":{"line":2,"column":0},"end":{"line":2,"column":0}},"2":{"start":{"line":3,"column":0},"end":{"line":3,"column":0}},"3":{"start":{"line":4,"column":0},"end":{"line":4,"column":14}},"4":{"start":{"line":5,"column":0},"end":{"line":5,"column":0}},"5":{"start":{"line":6,"column":0},"end":{"line":6,"column":92}},"6":{"start":{"line":7,"column":0},"end":{"line":7,"column":0}},"7":{"start":{"line":8,"column":0},"end":{"line":8,"column":53}},"8":{"start":{"line":9,"column":0},"end":{"line":9,"column":0}},"9":{"start":{"line":10,"column":0},"end":{"line":10,"column":58}},"10":{"start":{"line":11,"column":0},"end":{"line":11,"column":0}},"11":{"start":{"line":12,"column":0},"end":{"line":12,"column":22}},"12":{"start":{"line":13,"column":0},"end":{"line":13,"column":0}},"13":{"start":{"line":14,"column":0},"end":{"line":14,"column":41}},"14":{"start":{"line":15,"column":0},"end":{"line":15,"column":35}},"15":{"start":{"line":16,"column":0},"end":{"line":16,"column":37}},"16":{"start":{"line":17,"column":0},"end":{"line":17,"column":54}},"17":{"start":{"line":18,"column":0},"end":{"line":18,"column":40}},"18":{"start":{"line":19,"column":0},"end":{"line":19,"column":71}},"19":{"start":{"line":20,"column":0},"end":{"line":20,"column":43}},"20":{"start":{"line":21,"column":0},"end":{"line":21,"column":13}},"21":{"start":{"line":22,"column":0},"end":{"line":22,"column":10}},"22":{"start":{"line":23,"column":0},"end":{"line":23,"column":0}},"23":{"start":{"line":24,"column":0},"end":{"line":24,"column":85}},"24":{"start":{"line":25,"column":0},"end":{"line":25,"column":23}},"25":{"start":{"line":26,"column":0},"end":{"line":26,"column":12}},"26":{"start":{"line":27,"column":0},"end":{"line":27,"column":47}},"27":{"start":{"line":28,"column":0},"end":{"line":28,"column":33}},"28":{"start":{"line":29,"column":0},"end":{"line":29,"column":39}},"29":{"start":{"line":30,"column":0},"end":{"line":30,"column":41}},"30":{"start":{"line":31,"column":0},"end":{"line":31,"column":53}},"31":{"start":{"line":32,"column":0},"end":{"line":32,"column":44}},"32":{"start":{"line":33,"column":0},"end":{"line":33,"column":75}},"33":{"start":{"line":34,"column":0},"end":{"line":34,"column":47}},"34":{"start":{"line":35,"column":0},"end":{"line":35,"column":17}},"35":{"start":{"line":36,"column":0},"end":{"line":36,"column":14}},"36":{"start":{"line":37,"column":0},"end":{"line":37,"column":10}},"37":{"start":{"line":38,"column":0},"end":{"line":38,"column":0}},"38":{"start":{"line":39,"column":0},"end":{"line":39,"column":85}},"39":{"start":{"line":40,"column":0},"end":{"line":40,"column":30}},"40":{"start":{"line":41,"column":0},"end":{"line":41,"column":0}},"41":{"start":{"line":42,"column":0},"end":{"line":42,"column":23}},"42":{"start":{"line":43,"column":0},"end":{"line":43,"column":5}},"43":{"start":{"line":44,"column":0},"end":{"line":44,"column":1}},"44":{"start":{"line":45,"column":0},"end":{"line":45,"column":0}},"45":{"start":{"line":46,"column":0},"end":{"line":46,"column":71}},"46":{"start":{"line":47,"column":0},"end":{"line":47,"column":54}},"47":{"start":{"line":48,"column":0},"end":{"line":48,"column":41}},"48":{"start":{"line":49,"column":0},"end":{"line":49,"column":0}},"49":{"start":{"line":50,"column":0},"end":{"line":50,"column":0}},"50":{"start":{"line":51,"column":0},"end":{"line":51,"column":14}},"51":{"start":{"line":52,"column":0},"end":{"line":52,"column":0}},"52":{"start":{"line":53,"column":0},"end":{"line":53,"column":50}},"53":{"start":{"line":54,"column":0},"end":{"line":54,"column":49}},"54":{"start":{"line":55,"column":0},"end":{"line":55,"column":87}},"55":{"start":{"line":56,"column":0},"end":{"line":56,"column":42}},"56":{"start":{"line":57,"column":0},"end":{"line":57,"column":22}},"57":{"start":{"line":58,"column":0},"end":{"line":58,"column":93}},"58":{"start":{"line":59,"column":0},"end":{"line":59,"column":35}},"59":{"start":{"line":60,"column":0},"end":{"line":60,"column":9}},"60":{"start":{"line":61,"column":0},"end":{"line":61,"column":19}},"61":{"start":{"line":62,"column":0},"end":{"line":62,"column":6}},"62":{"start":{"line":63,"column":0},"end":{"line":63,"column":45}},"63":{"start":{"line":64,"column":0},"end":{"line":64,"column":27}},"64":{"start":{"line":65,"column":0},"end":{"line":65,"column":63}},"65":{"start":{"line":66,"column":0},"end":{"line":66,"column":10}},"66":{"start":{"line":67,"column":0},"end":{"line":67,"column":86}},"67":{"start":{"line":68,"column":0},"end":{"line":68,"column":1}},"68":{"start":{"line":69,"column":0},"end":{"line":69,"column":0}},"69":{"start":{"line":70,"column":0},"end":{"line":70,"column":0}},"70":{"start":{"line":71,"column":0},"end":{"line":71,"column":71}},"71":{"start":{"line":72,"column":0},"end":{"line":72,"column":50}},"72":{"start":{"line":73,"column":0},"end":{"line":73,"column":38}},"73":{"start":{"line":74,"column":0},"end":{"line":74,"column":0}},"74":{"start":{"line":75,"column":0},"end":{"line":75,"column":0}},"75":{"start":{"line":76,"column":0},"end":{"line":76,"column":14}},"76":{"start":{"line":77,"column":0},"end":{"line":77,"column":0}},"77":{"start":{"line":78,"column":0},"end":{"line":78,"column":45}},"78":{"start":{"line":79,"column":0},"end":{"line":79,"column":0}},"79":{"start":{"line":80,"column":0},"end":{"line":80,"column":55}},"80":{"start":{"line":81,"column":0},"end":{"line":81,"column":95}},"81":{"start":{"line":82,"column":0},"end":{"line":82,"column":0}},"82":{"start":{"line":83,"column":0},"end":{"line":83,"column":18}},"83":{"start":{"line":84,"column":0},"end":{"line":84,"column":99}},"84":{"start":{"line":85,"column":0},"end":{"line":85,"column":31}},"85":{"start":{"line":86,"column":0},"end":{"line":86,"column":5}},"86":{"start":{"line":87,"column":0},"end":{"line":87,"column":15}},"87":{"start":{"line":88,"column":0},"end":{"line":88,"column":2}},"88":{"start":{"line":89,"column":0},"end":{"line":89,"column":0}},"89":{"start":{"line":90,"column":0},"end":{"line":90,"column":52}},"90":{"start":{"line":91,"column":0},"end":{"line":91,"column":36}},"91":{"start":{"line":92,"column":0},"end":{"line":92,"column":71}},"92":{"start":{"line":93,"column":0},"end":{"line":93,"column":24}},"93":{"start":{"line":94,"column":0},"end":{"line":94,"column":81}},"94":{"start":{"line":95,"column":0},"end":{"line":95,"column":10}},"95":{"start":{"line":96,"column":0},"end":{"line":96,"column":0}},"96":{"start":{"line":97,"column":0},"end":{"line":97,"column":75}},"97":{"start":{"line":98,"column":0},"end":{"line":98,"column":54}}},"s":{"0":1,"1":1,"2":1,"3":1,"4":1,"5":1,"6":1,"7":1,"8":3,"9":3,"10":3,"11":3,"12":3,"13":3,"14":2,"15":12,"16":12,"17":12,"18":1,"19":1,"20":1,"21":12,"22":2,"23":2,"24":2,"25":2,"26":2,"27":2,"28":4,"29":48,"30":48,"31":48,"32":4,"33":4,"34":4,"35":48,"36":4,"37":2,"38":2,"39":2,"40":2,"41":2,"42":2,"43":3,"44":1,"45":1,"46":1,"47":1,"48":1,"49":1,"50":1,"51":1,"52":1,"53":2,"54":2,"55":2,"56":2,"57":2,"58":1159,"59":1159,"60":2,"61":2,"62":2,"63":2,"64":1159,"65":1159,"66":2,"67":2,"68":1,"69":1,"70":1,"71":1,"72":1,"73":1,"74":1,"75":1,"76":1,"77":1,"78":2,"79":2,"80":2,"81":2,"82":2,"83":2,"84":1097,"85":1097,"86":2,"87":2,"88":1,"89":1,"90":2,"91":2,"92":2,"93":3,"94":3,"95":1,"96":1,"97":1},"branchMap":{"0":{"type":"branch","line":6,"loc":{"start":{"line":6,"column":21},"end":{"line":6,"column":40}},"locations":[{"start":{"line":6,"column":21},"end":{"line":6,"column":40}}]},"1":{"type":"branch","line":6,"loc":{"start":{"line":6,"column":73},"end":{"line":6,"column":92}},"locations":[{"start":{"line":6,"column":73},"end":{"line":6,"column":92}}]},"2":{"type":"branch","line":8,"loc":{"start":{"line":8,"column":28},"end":{"line":44,"column":1}},"locations":[{"start":{"line":8,"column":28},"end":{"line":44,"column":1}}]},"3":{"type":"branch","line":14,"loc":{"start":{"line":14,"column":40},"end":{"line":26,"column":11}},"locations":[{"start":{"line":14,"column":40},"end":{"line":26,"column":11}}]},"4":{"type":"branch","line":14,"loc":{"start":{"line":14,"column":4},"end":{"line":43,"column":5}},"locations":[{"start":{"line":14,"column":4},"end":{"line":43,"column":5}}]},"5":{"type":"branch","line":15,"loc":{"start":{"line":15,"column":24},"end":{"line":22,"column":10}},"locations":[{"start":{"line":15,"column":24},"end":{"line":22,"column":10}}]},"6":{"type":"branch","line":18,"loc":{"start":{"line":18,"column":39},"end":{"line":21,"column":13}},"locations":[{"start":{"line":18,"column":39},"end":{"line":21,"column":13}}]},"7":{"type":"branch","line":24,"loc":{"start":{"line":24,"column":37},"end":{"line":24,"column":53}},"locations":[{"start":{"line":24,"column":37},"end":{"line":24,"column":53}}]},"8":{"type":"branch","line":28,"loc":{"start":{"line":28,"column":23},"end":{"line":37,"column":10}},"locations":[{"start":{"line":28,"column":23},"end":{"line":37,"column":10}}]},"9":{"type":"branch","line":29,"loc":{"start":{"line":29,"column":28},"end":{"line":36,"column":14}},"locations":[{"start":{"line":29,"column":28},"end":{"line":36,"column":14}}]},"10":{"type":"branch","line":32,"loc":{"start":{"line":32,"column":43},"end":{"line":35,"column":17}},"locations":[{"start":{"line":32,"column":43},"end":{"line":35,"column":17}}]},"11":{"type":"branch","line":39,"loc":{"start":{"line":39,"column":37},"end":{"line":39,"column":53}},"locations":[{"start":{"line":39,"column":37},"end":{"line":39,"column":53}}]},"12":{"type":"branch","line":53,"loc":{"start":{"line":53,"column":25},"end":{"line":68,"column":1}},"locations":[{"start":{"line":53,"column":25},"end":{"line":68,"column":1}}]},"13":{"type":"branch","line":55,"loc":{"start":{"line":55,"column":28},"end":{"line":55,"column":35}},"locations":[{"start":{"line":55,"column":28},"end":{"line":55,"column":35}}]},"14":{"type":"branch","line":55,"loc":{"start":{"line":55,"column":28},"end":{"line":55,"column":63}},"locations":[{"start":{"line":55,"column":28},"end":{"line":55,"column":63}}]},"15":{"type":"branch","line":56,"loc":{"start":{"line":56,"column":25},"end":{"line":62,"column":6}},"locations":[{"start":{"line":56,"column":25},"end":{"line":62,"column":6}}]},"16":{"type":"branch","line":58,"loc":{"start":{"line":58,"column":92},"end":{"line":60,"column":9}},"locations":[{"start":{"line":58,"column":92},"end":{"line":60,"column":9}}]},"17":{"type":"branch","line":64,"loc":{"start":{"line":64,"column":17},"end":{"line":66,"column":10}},"locations":[{"start":{"line":64,"column":17},"end":{"line":66,"column":10}}]},"18":{"type":"branch","line":65,"loc":{"start":{"line":65,"column":19},"end":{"line":65,"column":63}},"locations":[{"start":{"line":65,"column":19},"end":{"line":65,"column":63}}]},"19":{"type":"branch","line":67,"loc":{"start":{"line":67,"column":13},"end":{"line":67,"column":27}},"locations":[{"start":{"line":67,"column":13},"end":{"line":67,"column":27}}]},"20":{"type":"branch","line":78,"loc":{"start":{"line":78,"column":28},"end":{"line":88,"column":2}},"locations":[{"start":{"line":78,"column":28},"end":{"line":88,"column":2}}]},"21":{"type":"branch","line":81,"loc":{"start":{"line":81,"column":24},"end":{"line":81,"column":31}},"locations":[{"start":{"line":81,"column":24},"end":{"line":81,"column":31}}]},"22":{"type":"branch","line":81,"loc":{"start":{"line":81,"column":24},"end":{"line":81,"column":65}},"locations":[{"start":{"line":81,"column":24},"end":{"line":81,"column":65}}]},"23":{"type":"branch","line":84,"loc":{"start":{"line":84,"column":98},"end":{"line":86,"column":5}},"locations":[{"start":{"line":84,"column":98},"end":{"line":86,"column":5}}]},"24":{"type":"branch","line":90,"loc":{"start":{"line":90,"column":29},"end":{"line":95,"column":10}},"locations":[{"start":{"line":90,"column":29},"end":{"line":95,"column":10}}]},"25":{"type":"branch","line":92,"loc":{"start":{"line":92,"column":17},"end":{"line":92,"column":71}},"locations":[{"start":{"line":92,"column":17},"end":{"line":92,"column":71}}]},"26":{"type":"branch","line":92,"loc":{"start":{"line":92,"column":26},"end":{"line":92,"column":71}},"locations":[{"start":{"line":92,"column":26},"end":{"line":92,"column":71}}]},"27":{"type":"branch","line":93,"loc":{"start":{"line":93,"column":13},"end":{"line":95,"column":10}},"locations":[{"start":{"line":93,"column":13},"end":{"line":95,"column":10}}]}},"b":{"0":[2],"1":[4],"2":[3],"3":[1],"4":[2],"5":[12],"6":[1],"7":[1],"8":[4],"9":[48],"10":[4],"11":[4],"12":[2],"13":[1],"14":[1],"15":[2],"16":[1159],"17":[1159],"18":[165],"19":[3],"20":[2],"21":[1],"22":[1],"23":[1097],"24":[2],"25":[1097],"26":[157],"27":[3]},"fnMap":{"0":{"name":"range","decl":{"start":{"line":6,"column":21},"end":{"line":6,"column":40}},"loc":{"start":{"line":6,"column":21},"end":{"line":6,"column":40}},"line":6},"1":{"name":"getFriday13s","decl":{"start":{"line":8,"column":28},"end":{"line":44,"column":1}},"loc":{"start":{"line":8,"column":28},"end":{"line":44,"column":1}},"line":8},"2":{"name":"friday13s","decl":{"start":{"line":53,"column":25},"end":{"line":68,"column":1}},"loc":{"start":{"line":53,"column":25},"end":{"line":68,"column":1}},"line":53},"3":{"name":"getDaysArray","decl":{"start":{"line":56,"column":25},"end":{"line":62,"column":6}},"loc":{"start":{"line":56,"column":25},"end":{"line":62,"column":6}},"line":56},"4":{"name":"getDaysArray","decl":{"start":{"line":78,"column":28},"end":{"line":88,"column":2}},"loc":{"start":{"line":78,"column":28},"end":{"line":88,"column":2}},"line":78},"5":{"name":"findfriday13s","decl":{"start":{"line":90,"column":29},"end":{"line":95,"column":10}},"loc":{"start":{"line":90,"column":29},"end":{"line":95,"column":10}},"line":90}},"f":{"0":2,"1":3,"2":2,"3":2,"4":2,"5":2}}
,"C:\\Users\\Marton_Szel\\Desktop\\EPAM\\H2G\\Module-3-Javascript-Coding-Task\\src\\longest-string.js": {"path":"C:\\Users\\Marton_Szel\\Desktop\\EPAM\\H2G\\Module-3-Javascript-Coding-Task\\src\\longest-string.js","all":false,"statementMap":{"0":{"start":{"line":1,"column":0},"end":{"line":1,"column":13}},"1":{"start":{"line":2,"column":0},"end":{"line":2,"column":0}},"2":{"start":{"line":3,"column":0},"end":{"line":3,"column":14}},"3":{"start":{"line":4,"column":0},"end":{"line":4,"column":0}},"4":{"start":{"line":5,"column":0},"end":{"line":5,"column":42}},"5":{"start":{"line":6,"column":0},"end":{"line":6,"column":24}},"6":{"start":{"line":7,"column":0},"end":{"line":7,"column":30}},"7":{"start":{"line":8,"column":0},"end":{"line":8,"column":80}},"8":{"start":{"line":9,"column":0},"end":{"line":9,"column":32}},"9":{"start":{"line":10,"column":0},"end":{"line":10,"column":9}},"10":{"start":{"line":11,"column":0},"end":{"line":11,"column":7}},"11":{"start":{"line":12,"column":0},"end":{"line":12,"column":21}},"12":{"start":{"line":13,"column":0},"end":{"line":13,"column":1}},"13":{"start":{"line":14,"column":0},"end":{"line":14,"column":0}},"14":{"start":{"line":15,"column":0},"end":{"line":15,"column":70}},"15":{"start":{"line":16,"column":0},"end":{"line":16,"column":62}},"16":{"start":{"line":17,"column":0},"end":{"line":17,"column":50}},"17":{"start":{"line":18,"column":0},"end":{"line":18,"column":0}},"18":{"start":{"line":19,"column":0},"end":{"line":19,"column":14}},"19":{"start":{"line":20,"column":0},"end":{"line":20,"column":0}},"20":{"start":{"line":21,"column":0},"end":{"line":21,"column":24}},"21":{"start":{"line":22,"column":0},"end":{"line":22,"column":0}},"22":{"start":{"line":23,"column":0},"end":{"line":23,"column":37}},"23":{"start":{"line":24,"column":0},"end":{"line":24,"column":56}},"24":{"start":{"line":25,"column":0},"end":{"line":25,"column":122}},"25":{"start":{"line":26,"column":0},"end":{"line":26,"column":26}},"26":{"start":{"line":27,"column":0},"end":{"line":27,"column":10}},"27":{"start":{"line":28,"column":0},"end":{"line":28,"column":0}},"28":{"start":{"line":29,"column":0},"end":{"line":29,"column":67}},"29":{"start":{"line":30,"column":0},"end":{"line":30,"column":59}},"30":{"start":{"line":31,"column":0},"end":{"line":31,"column":47}},"31":{"start":{"line":32,"column":0},"end":{"line":32,"column":0}},"32":{"start":{"line":33,"column":0},"end":{"line":33,"column":14}},"33":{"start":{"line":34,"column":0},"end":{"line":34,"column":0}},"34":{"start":{"line":35,"column":0},"end":{"line":35,"column":42}},"35":{"start":{"line":36,"column":0},"end":{"line":36,"column":56}},"36":{"start":{"line":37,"column":0},"end":{"line":37,"column":59}},"37":{"start":{"line":38,"column":0},"end":{"line":38,"column":0}},"38":{"start":{"line":39,"column":0},"end":{"line":39,"column":72}},"39":{"start":{"line":40,"column":0},"end":{"line":40,"column":64}},"40":{"start":{"line":41,"column":0},"end":{"line":41,"column":52}}},"s":{"0":1,"1":1,"2":1,"3":1,"4":1,"5":2,"6":2,"7":5,"8":1,"9":1,"10":5,"11":2,"12":2,"13":1,"14":1,"15":1,"16":1,"17":1,"18":1,"19":1,"20":1,"21":1,"22":1,"23":1,"24":1,"25":1,"26":1,"27":1,"28":1,"29":1,"30":1,"31":1,"32":1,"33":1,"34":1,"35":2,"36":1,"37":1,"38":1,"39":1,"40":1},"branchMap":{"0":{"type":"branch","line":5,"loc":{"start":{"line":5,"column":32},"end":{"line":13,"column":1}},"locations":[{"start":{"line":5,"column":32},"end":{"line":13,"column":1}}]},"1":{"type":"branch","line":7,"loc":{"start":{"line":7,"column":18},"end":{"line":11,"column":7}},"locations":[{"start":{"line":7,"column":18},"end":{"line":11,"column":7}}]},"2":{"type":"branch","line":8,"loc":{"start":{"line":8,"column":12},"end":{"line":8,"column":79}},"locations":[{"start":{"line":8,"column":12},"end":{"line":8,"column":79}}]},"3":{"type":"branch","line":8,"loc":{"start":{"line":8,"column":79},"end":{"line":10,"column":9}},"locations":[{"start":{"line":8,"column":79},"end":{"line":10,"column":9}}]},"4":{"type":"branch","line":23,"loc":{"start":{"line":23,"column":30},"end":{"line":24,"column":7}},"locations":[{"start":{"line":23,"column":30},"end":{"line":24,"column":7}}]},"5":{"type":"branch","line":24,"loc":{"start":{"line":24,"column":16},"end":{"line":24,"column":56}},"locations":[{"start":{"line":24,"column":16},"end":{"line":24,"column":56}}]},"6":{"type":"branch","line":25,"loc":{"start":{"line":25,"column":16},"end":{"line":25,"column":122}},"locations":[{"start":{"line":25,"column":16},"end":{"line":25,"column":122}}]},"7":{"type":"branch","line":25,"loc":{"start":{"line":25,"column":49},"end":{"line":25,"column":109}},"locations":[{"start":{"line":25,"column":49},"end":{"line":25,"column":109}}]},"8":{"type":"branch","line":25,"loc":{"start":{"line":25,"column":49},"end":{"line":25,"column":122}},"locations":[{"start":{"line":25,"column":49},"end":{"line":25,"column":122}}]},"9":{"type":"branch","line":35,"loc":{"start":{"line":35,"column":35},"end":{"line":37,"column":56}},"locations":[{"start":{"line":35,"column":35},"end":{"line":37,"column":56}}]},"10":{"type":"branch","line":36,"loc":{"start":{"line":36,"column":16},"end":{"line":36,"column":56}},"locations":[{"start":{"line":36,"column":16},"end":{"line":36,"column":56}}]}},"b":{"0":[2],"1":[5],"2":[1],"3":[1],"4":[3],"5":[8],"6":[4],"7":[2],"8":[2],"9":[2],"10":[5]},"fnMap":{"0":{"name":"getLongestString","decl":{"start":{"line":5,"column":32},"end":{"line":13,"column":1}},"loc":{"start":{"line":5,"column":32},"end":{"line":13,"column":1}},"line":5},"1":{"name":"longestString","decl":{"start":{"line":23,"column":30},"end":{"line":24,"column":7}},"loc":{"start":{"line":23,"column":30},"end":{"line":24,"column":7}},"line":23},"2":{"name":"otherLongestString","decl":{"start":{"line":35,"column":35},"end":{"line":37,"column":56}},"loc":{"start":{"line":35,"column":35},"end":{"line":37,"column":56}},"line":35}},"f":{"0":2,"1":3,"2":2}}
,"C:\\Users\\Marton_Szel\\Desktop\\EPAM\\H2G\\Module-3-Javascript-Coding-Task\\src\\order-elements.js": {"path":"C:\\Users\\Marton_Szel\\Desktop\\EPAM\\H2G\\Module-3-Javascript-Coding-Task\\src\\order-elements.js","all":false,"statementMap":{"0":{"start":{"line":1,"column":0},"end":{"line":1,"column":13}},"1":{"start":{"line":2,"column":0},"end":{"line":2,"column":0}},"2":{"start":{"line":3,"column":0},"end":{"line":3,"column":51}},"3":{"start":{"line":4,"column":0},"end":{"line":4,"column":35}},"4":{"start":{"line":5,"column":0},"end":{"line":5,"column":38}},"5":{"start":{"line":6,"column":0},"end":{"line":6,"column":0}},"6":{"start":{"line":7,"column":0},"end":{"line":7,"column":14}},"7":{"start":{"line":8,"column":0},"end":{"line":8,"column":0}},"8":{"start":{"line":9,"column":0},"end":{"line":9,"column":33}},"9":{"start":{"line":10,"column":0},"end":{"line":10,"column":0}},"10":{"start":{"line":11,"column":0},"end":{"line":11,"column":20}},"11":{"start":{"line":12,"column":0},"end":{"line":12,"column":19}},"12":{"start":{"line":13,"column":0},"end":{"line":13,"column":0}},"13":{"start":{"line":14,"column":0},"end":{"line":14,"column":31}},"14":{"start":{"line":15,"column":0},"end":{"line":15,"column":0}},"15":{"start":{"line":16,"column":0},"end":{"line":16,"column":30}},"16":{"start":{"line":17,"column":0},"end":{"line":17,"column":31}},"17":{"start":{"line":18,"column":0},"end":{"line":18,"column":30}},"18":{"start":{"line":19,"column":0},"end":{"line":19,"column":32}},"19":{"start":{"line":20,"column":0},"end":{"line":20,"column":7}},"20":{"start":{"line":21,"column":0},"end":{"line":21,"column":0}},"21":{"start":{"line":22,"column":0},"end":{"line":22,"column":37}},"22":{"start":{"line":23,"column":0},"end":{"line":23,"column":1}},"23":{"start":{"line":24,"column":0},"end":{"line":24,"column":0}},"24":{"start":{"line":25,"column":0},"end":{"line":25,"column":88}},"25":{"start":{"line":26,"column":0},"end":{"line":26,"column":60}},"26":{"start":{"line":27,"column":0},"end":{"line":27,"column":0}},"27":{"start":{"line":28,"column":0},"end":{"line":28,"column":14}},"28":{"start":{"line":29,"column":0},"end":{"line":29,"column":0}},"29":{"start":{"line":30,"column":0},"end":{"line":30,"column":104}},"30":{"start":{"line":31,"column":0},"end":{"line":31,"column":0}},"31":{"start":{"line":32,"column":0},"end":{"line":32,"column":95}},"32":{"start":{"line":33,"column":0},"end":{"line":33,"column":67}}},"s":{"0":1,"1":1,"2":1,"3":1,"4":1,"5":1,"6":1,"7":1,"8":1,"9":1,"10":1,"11":1,"12":1,"13":1,"14":1,"15":1,"16":10,"17":5,"18":10,"19":10,"20":1,"21":1,"22":1,"23":1,"24":1,"25":1,"26":1,"27":1,"28":1,"29":1,"30":1,"31":1,"32":1},"branchMap":{"0":{"type":"branch","line":9,"loc":{"start":{"line":9,"column":22},"end":{"line":23,"column":1}},"locations":[{"start":{"line":9,"column":22},"end":{"line":23,"column":1}}]},"1":{"type":"branch","line":14,"loc":{"start":{"line":14,"column":15},"end":{"line":14,"column":31}},"locations":[{"start":{"line":14,"column":15},"end":{"line":14,"column":31}}]},"2":{"type":"branch","line":16,"loc":{"start":{"line":16,"column":18},"end":{"line":20,"column":7}},"locations":[{"start":{"line":16,"column":18},"end":{"line":20,"column":7}}]},"3":{"type":"branch","line":17,"loc":{"start":{"line":17,"column":30},"end":{"line":19,"column":18}},"locations":[{"start":{"line":17,"column":30},"end":{"line":19,"column":18}}]},"4":{"type":"branch","line":30,"loc":{"start":{"line":30,"column":29},"end":{"line":30,"column":44}},"locations":[{"start":{"line":30,"column":29},"end":{"line":30,"column":44}}]},"5":{"type":"branch","line":30,"loc":{"start":{"line":30,"column":50},"end":{"line":30,"column":61}},"locations":[{"start":{"line":30,"column":50},"end":{"line":30,"column":61}}]},"6":{"type":"branch","line":30,"loc":{"start":{"line":30,"column":60},"end":{"line":30,"column":61}},"locations":[{"start":{"line":30,"column":60},"end":{"line":30,"column":61}}]},"7":{"type":"branch","line":30,"loc":{"start":{"line":30,"column":80},"end":{"line":30,"column":96}},"locations":[{"start":{"line":30,"column":80},"end":{"line":30,"column":96}}]},"8":{"type":"branch","line":30,"loc":{"start":{"line":30,"column":80},"end":{"line":30,"column":104}},"locations":[{"start":{"line":30,"column":80},"end":{"line":30,"column":104}}]}},"b":{"0":[1],"1":[13],"2":[10],"3":[5],"4":[1],"5":[23],"6":[13],"7":[6],"8":[7]},"fnMap":{"0":{"name":"order","decl":{"start":{"line":9,"column":22},"end":{"line":23,"column":1}},"loc":{"start":{"line":9,"column":22},"end":{"line":23,"column":1}},"line":9},"1":{"name":"orderNumbers","decl":{"start":{"line":30,"column":29},"end":{"line":30,"column":44}},"loc":{"start":{"line":30,"column":29},"end":{"line":30,"column":44}},"line":30}},"f":{"0":1,"1":1}}
,"C:\\Users\\Marton_Szel\\Desktop\\EPAM\\H2G\\Module-3-Javascript-Coding-Task\\src\\palindrome.js": {"path":"C:\\Users\\Marton_Szel\\Desktop\\EPAM\\H2G\\Module-3-Javascript-Coding-Task\\src\\palindrome.js","all":false,"statementMap":{"0":{"start":{"line":1,"column":0},"end":{"line":1,"column":13}},"1":{"start":{"line":2,"column":0},"end":{"line":2,"column":0}},"2":{"start":{"line":3,"column":0},"end":{"line":3,"column":124}},"3":{"start":{"line":4,"column":0},"end":{"line":4,"column":0}},"4":{"start":{"line":5,"column":0},"end":{"line":5,"column":14}},"5":{"start":{"line":6,"column":0},"end":{"line":6,"column":0}},"6":{"start":{"line":7,"column":0},"end":{"line":7,"column":184}},"7":{"start":{"line":8,"column":0},"end":{"line":8,"column":0}},"8":{"start":{"line":9,"column":0},"end":{"line":9,"column":42}},"9":{"start":{"line":10,"column":0},"end":{"line":10,"column":47}},"10":{"start":{"line":11,"column":0},"end":{"line":11,"column":45}},"11":{"start":{"line":12,"column":0},"end":{"line":12,"column":49}},"12":{"start":{"line":13,"column":0},"end":{"line":13,"column":61}},"13":{"start":{"line":14,"column":0},"end":{"line":14,"column":46}},"14":{"start":{"line":15,"column":0},"end":{"line":15,"column":0}},"15":{"start":{"line":16,"column":0},"end":{"line":16,"column":14}},"16":{"start":{"line":17,"column":0},"end":{"line":17,"column":0}},"17":{"start":{"line":18,"column":0},"end":{"line":18,"column":58}},"18":{"start":{"line":19,"column":0},"end":{"line":19,"column":0}},"19":{"start":{"line":20,"column":0},"end":{"line":20,"column":37}},"20":{"start":{"line":21,"column":0},"end":{"line":21,"column":0}},"21":{"start":{"line":22,"column":0},"end":{"line":22,"column":32}},"22":{"start":{"line":23,"column":0},"end":{"line":23,"column":39}},"23":{"start":{"line":24,"column":0},"end":{"line":24,"column":0}},"24":{"start":{"line":25,"column":0},"end":{"line":25,"column":26}},"25":{"start":{"line":26,"column":0},"end":{"line":26,"column":20}},"26":{"start":{"line":27,"column":0},"end":{"line":27,"column":5}},"27":{"start":{"line":28,"column":0},"end":{"line":28,"column":36}},"28":{"start":{"line":29,"column":0},"end":{"line":29,"column":0}},"29":{"start":{"line":30,"column":0},"end":{"line":30,"column":40}},"30":{"start":{"line":31,"column":0},"end":{"line":31,"column":24}},"31":{"start":{"line":32,"column":0},"end":{"line":32,"column":9}},"32":{"start":{"line":33,"column":0},"end":{"line":33,"column":5}},"33":{"start":{"line":34,"column":0},"end":{"line":34,"column":15}},"34":{"start":{"line":35,"column":0},"end":{"line":35,"column":1}},"35":{"start":{"line":36,"column":0},"end":{"line":36,"column":0}},"36":{"start":{"line":37,"column":0},"end":{"line":37,"column":40}},"37":{"start":{"line":38,"column":0},"end":{"line":38,"column":45}},"38":{"start":{"line":39,"column":0},"end":{"line":39,"column":43}},"39":{"start":{"line":40,"column":0},"end":{"line":40,"column":47}},"40":{"start":{"line":41,"column":0},"end":{"line":41,"column":59}},"41":{"start":{"line":42,"column":0},"end":{"line":42,"column":44}}},"s":{"0":1,"1":1,"2":1,"3":1,"4":1,"5":1,"6":1,"7":1,"8":1,"9":1,"10":1,"11":1,"12":1,"13":1,"14":1,"15":1,"16":1,"17":1,"18":1,"19":1,"20":3,"21":3,"22":3,"23":3,"24":3,"25":1,"26":1,"27":3,"28":10,"29":10,"30":1,"31":1,"32":10,"33":1,"34":1,"35":1,"36":1,"37":1,"38":1,"39":1,"40":1,"41":1},"branchMap":{"0":{"type":"branch","line":7,"loc":{"start":{"line":7,"column":29},"end":{"line":7,"column":152}},"locations":[{"start":{"line":7,"column":29},"end":{"line":7,"column":152}}]},"1":{"type":"branch","line":7,"loc":{"start":{"line":7,"column":38},"end":{"line":7,"column":78}},"locations":[{"start":{"line":7,"column":38},"end":{"line":7,"column":78}}]},"2":{"type":"branch","line":7,"loc":{"start":{"line":7,"column":38},"end":{"line":7,"column":152}},"locations":[{"start":{"line":7,"column":38},"end":{"line":7,"column":152}}]},"3":{"type":"branch","line":18,"loc":{"start":{"line":18,"column":15},"end":{"line":18,"column":26}},"locations":[{"start":{"line":18,"column":15},"end":{"line":18,"column":26}}]},"4":{"type":"branch","line":20,"loc":{"start":{"line":20,"column":27},"end":{"line":35,"column":1}},"locations":[{"start":{"line":20,"column":27},"end":{"line":35,"column":1}}]},"5":{"type":"branch","line":25,"loc":{"start":{"line":25,"column":25},"end":{"line":27,"column":5}},"locations":[{"start":{"line":25,"column":25},"end":{"line":27,"column":5}}]},"6":{"type":"branch","line":28,"loc":{"start":{"line":28,"column":-2},"end":{"line":28,"column":9}},"locations":[{"start":{"line":28,"column":-2},"end":{"line":28,"column":9}}]},"7":{"type":"branch","line":28,"loc":{"start":{"line":28,"column":35},"end":{"line":33,"column":5}},"locations":[{"start":{"line":28,"column":35},"end":{"line":33,"column":5}}]},"8":{"type":"branch","line":30,"loc":{"start":{"line":30,"column":39},"end":{"line":32,"column":9}},"locations":[{"start":{"line":30,"column":39},"end":{"line":32,"column":9}}]},"9":{"type":"branch","line":34,"loc":{"start":{"line":34,"column":-2},"end":{"line":35,"column":1}},"locations":[{"start":{"line":34,"column":-2},"end":{"line":35,"column":1}}]}},"b":{"0":[3],"1":[1],"2":[2],"3":[3],"4":[3],"5":[1],"6":[2],"7":[10],"8":[1],"9":[1]},"fnMap":{"0":{"name":"isPalindrome","decl":{"start":{"line":7,"column":29},"end":{"line":7,"column":152}},"loc":{"start":{"line":7,"column":29},"end":{"line":7,"column":152}},"line":7},"1":{"name":"clean","decl":{"start":{"line":18,"column":15},"end":{"line":18,"column":26}},"loc":{"start":{"line":18,"column":15},"end":{"line":18,"column":26}},"line":18},"2":{"name":"palindrome","decl":{"start":{"line":20,"column":27},"end":{"line":35,"column":1}},"loc":{"start":{"line":20,"column":27},"end":{"line":35,"column":1}},"line":20}},"f":{"0":3,"1":3,"2":3}}
,"C:\\Users\\Marton_Szel\\Desktop\\EPAM\\H2G\\Module-3-Javascript-Coding-Task\\src\\square-negatives-and-sum.js": {"path":"C:\\Users\\Marton_Szel\\Desktop\\EPAM\\H2G\\Module-3-Javascript-Coding-Task\\src\\square-negatives-and-sum.js","all":false,"statementMap":{"0":{"start":{"line":1,"column":0},"end":{"line":1,"column":13}},"1":{"start":{"line":2,"column":0},"end":{"line":2,"column":0}},"2":{"start":{"line":3,"column":0},"end":{"line":3,"column":14}},"3":{"start":{"line":4,"column":0},"end":{"line":4,"column":0}},"4":{"start":{"line":5,"column":0},"end":{"line":5,"column":121}},"5":{"start":{"line":6,"column":0},"end":{"line":6,"column":0}},"6":{"start":{"line":7,"column":0},"end":{"line":7,"column":40}},"7":{"start":{"line":8,"column":0},"end":{"line":8,"column":0}},"8":{"start":{"line":9,"column":0},"end":{"line":9,"column":30}},"9":{"start":{"line":10,"column":0},"end":{"line":10,"column":0}},"10":{"start":{"line":11,"column":0},"end":{"line":11,"column":30}},"11":{"start":{"line":12,"column":0},"end":{"line":12,"column":0}},"12":{"start":{"line":13,"column":0},"end":{"line":13,"column":26}},"13":{"start":{"line":14,"column":0},"end":{"line":14,"column":42}},"14":{"start":{"line":15,"column":0},"end":{"line":15,"column":9}},"15":{"start":{"line":16,"column":0},"end":{"line":16,"column":0}},"16":{"start":{"line":17,"column":0},"end":{"line":17,"column":51}},"17":{"start":{"line":18,"column":0},"end":{"line":18,"column":0}},"18":{"start":{"line":19,"column":0},"end":{"line":19,"column":51}},"19":{"start":{"line":20,"column":0},"end":{"line":20,"column":55}},"20":{"start":{"line":21,"column":0},"end":{"line":21,"column":9}},"21":{"start":{"line":22,"column":0},"end":{"line":22,"column":0}},"22":{"start":{"line":23,"column":0},"end":{"line":23,"column":40}},"23":{"start":{"line":24,"column":0},"end":{"line":24,"column":7}},"24":{"start":{"line":25,"column":0},"end":{"line":25,"column":0}},"25":{"start":{"line":26,"column":0},"end":{"line":26,"column":25}},"26":{"start":{"line":27,"column":0},"end":{"line":27,"column":1}},"27":{"start":{"line":28,"column":0},"end":{"line":28,"column":0}},"28":{"start":{"line":29,"column":0},"end":{"line":29,"column":77}},"29":{"start":{"line":30,"column":0},"end":{"line":30,"column":0}},"30":{"start":{"line":31,"column":0},"end":{"line":31,"column":0}},"31":{"start":{"line":32,"column":0},"end":{"line":32,"column":36}},"32":{"start":{"line":33,"column":0},"end":{"line":33,"column":82}},"33":{"start":{"line":34,"column":0},"end":{"line":34,"column":111}},"34":{"start":{"line":35,"column":0},"end":{"line":35,"column":45}},"35":{"start":{"line":36,"column":0},"end":{"line":36,"column":17}},"36":{"start":{"line":37,"column":0},"end":{"line":37,"column":0}},"37":{"start":{"line":38,"column":0},"end":{"line":38,"column":4}},"38":{"start":{"line":39,"column":0},"end":{"line":39,"column":0}},"39":{"start":{"line":40,"column":0},"end":{"line":40,"column":77}},"40":{"start":{"line":41,"column":0},"end":{"line":41,"column":0}},"41":{"start":{"line":42,"column":0},"end":{"line":42,"column":0}},"42":{"start":{"line":43,"column":0},"end":{"line":43,"column":38}},"43":{"start":{"line":44,"column":0},"end":{"line":44,"column":72}},"44":{"start":{"line":45,"column":0},"end":{"line":45,"column":37}},"45":{"start":{"line":46,"column":0},"end":{"line":46,"column":0}},"46":{"start":{"line":47,"column":0},"end":{"line":47,"column":0}},"47":{"start":{"line":48,"column":0},"end":{"line":48,"column":77}}},"s":{"0":1,"1":1,"2":1,"3":1,"4":1,"5":1,"6":1,"7":1,"8":1,"9":1,"10":1,"11":6,"12":6,"13":3,"14":3,"15":6,"16":6,"17":6,"18":6,"19":1,"20":1,"21":6,"22":6,"23":6,"24":1,"25":1,"26":1,"27":1,"28":1,"29":1,"30":1,"31":1,"32":1,"33":1,"34":1,"35":1,"36":1,"37":1,"38":1,"39":1,"40":1,"41":1,"42":1,"43":1,"44":1,"45":1,"46":1,"47":1},"branchMap":{"0":{"type":"branch","line":5,"loc":{"start":{"line":5,"column":33},"end":{"line":5,"column":45}},"locations":[{"start":{"line":5,"column":33},"end":{"line":5,"column":45}}]},"1":{"type":"branch","line":5,"loc":{"start":{"line":5,"column":74},"end":{"line":5,"column":109}},"locations":[{"start":{"line":5,"column":74},"end":{"line":5,"column":109}}]},"2":{"type":"branch","line":7,"loc":{"start":{"line":7,"column":29},"end":{"line":27,"column":1}},"locations":[{"start":{"line":7,"column":29},"end":{"line":27,"column":1}}]},"3":{"type":"branch","line":11,"loc":{"start":{"line":11,"column":18},"end":{"line":24,"column":7}},"locations":[{"start":{"line":11,"column":18},"end":{"line":24,"column":7}}]},"4":{"type":"branch","line":13,"loc":{"start":{"line":13,"column":25},"end":{"line":15,"column":9}},"locations":[{"start":{"line":13,"column":25},"end":{"line":15,"column":9}}]},"5":{"type":"branch","line":19,"loc":{"start":{"line":19,"column":50},"end":{"line":21,"column":9}},"locations":[{"start":{"line":19,"column":50},"end":{"line":21,"column":9}}]},"6":{"type":"branch","line":43,"loc":{"start":{"line":43,"column":29},"end":{"line":44,"column":9}},"locations":[{"start":{"line":43,"column":29},"end":{"line":44,"column":9}}]},"7":{"type":"branch","line":44,"loc":{"start":{"line":44,"column":15},"end":{"line":44,"column":72}},"locations":[{"start":{"line":44,"column":15},"end":{"line":44,"column":72}}]},"8":{"type":"branch","line":44,"loc":{"start":{"line":44,"column":27},"end":{"line":44,"column":45}},"locations":[{"start":{"line":44,"column":27},"end":{"line":44,"column":45}}]},"9":{"type":"branch","line":44,"loc":{"start":{"line":44,"column":27},"end":{"line":44,"column":72}},"locations":[{"start":{"line":44,"column":27},"end":{"line":44,"column":72}}]},"10":{"type":"branch","line":45,"loc":{"start":{"line":45,"column":14},"end":{"line":45,"column":37}},"locations":[{"start":{"line":45,"column":14},"end":{"line":45,"column":37}}]},"11":{"type":"branch","line":45,"loc":{"start":{"line":45,"column":23},"end":{"line":45,"column":37}},"locations":[{"start":{"line":45,"column":23},"end":{"line":45,"column":37}}]}},"b":{"0":[7],"1":[13],"2":[1],"3":[6],"4":[3],"5":[1],"6":[1],"7":[6],"8":[3],"9":[3],"10":[6],"11":[1]},"fnMap":{"0":{"name":"formattedElement","decl":{"start":{"line":5,"column":33},"end":{"line":5,"column":45}},"loc":{"start":{"line":5,"column":33},"end":{"line":5,"column":45}},"line":5},"1":{"name":"squareAndSum","decl":{"start":{"line":7,"column":29},"end":{"line":27,"column":1}},"loc":{"start":{"line":7,"column":29},"end":{"line":27,"column":1}},"line":7},"2":{"name":"sumAndSquare","decl":{"start":{"line":43,"column":29},"end":{"line":44,"column":9}},"loc":{"start":{"line":43,"column":29},"end":{"line":44,"column":9}},"line":43}},"f":{"0":7,"1":1,"2":1}}
,"C:\\Users\\Marton_Szel\\Desktop\\EPAM\\H2G\\Module-3-Javascript-Coding-Task\\src\\sum-all-even-numbers.js": {"path":"C:\\Users\\Marton_Szel\\Desktop\\EPAM\\H2G\\Module-3-Javascript-Coding-Task\\src\\sum-all-even-numbers.js","all":false,"statementMap":{"0":{"start":{"line":1,"column":0},"end":{"line":1,"column":13}},"1":{"start":{"line":2,"column":0},"end":{"line":2,"column":0}},"2":{"start":{"line":3,"column":0},"end":{"line":3,"column":14}},"3":{"start":{"line":4,"column":0},"end":{"line":4,"column":0}},"4":{"start":{"line":5,"column":0},"end":{"line":5,"column":36}},"5":{"start":{"line":6,"column":0},"end":{"line":6,"column":43}},"6":{"start":{"line":7,"column":0},"end":{"line":7,"column":39}},"7":{"start":{"line":8,"column":0},"end":{"line":8,"column":37}},"8":{"start":{"line":9,"column":0},"end":{"line":9,"column":82}},"9":{"start":{"line":10,"column":0},"end":{"line":10,"column":35}},"10":{"start":{"line":11,"column":0},"end":{"line":11,"column":10}},"11":{"start":{"line":12,"column":0},"end":{"line":12,"column":1}},"12":{"start":{"line":13,"column":0},"end":{"line":13,"column":0}},"13":{"start":{"line":14,"column":0},"end":{"line":14,"column":53}},"14":{"start":{"line":15,"column":0},"end":{"line":15,"column":53}},"15":{"start":{"line":16,"column":0},"end":{"line":16,"column":0}},"16":{"start":{"line":17,"column":0},"end":{"line":17,"column":0}},"17":{"start":{"line":18,"column":0},"end":{"line":18,"column":14}},"18":{"start":{"line":19,"column":0},"end":{"line":19,"column":0}},"19":{"start":{"line":20,"column":0},"end":{"line":20,"column":156}},"20":{"start":{"line":21,"column":0},"end":{"line":21,"column":0}},"21":{"start":{"line":22,"column":0},"end":{"line":22,"column":52}},"22":{"start":{"line":23,"column":0},"end":{"line":23,"column":52}}},"s":{"0":1,"1":1,"2":1,"3":1,"4":1,"5":4,"6":8,"7":5,"8":5,"9":3,"10":4,"11":4,"12":1,"13":1,"14":1,"15":1,"16":1,"17":1,"18":1,"19":1,"20":1,"21":1,"22":1},"branchMap":{"0":{"type":"branch","line":5,"loc":{"start":{"line":5,"column":25},"end":{"line":12,"column":1}},"locations":[{"start":{"line":5,"column":25},"end":{"line":12,"column":1}}]},"1":{"type":"branch","line":6,"loc":{"start":{"line":6,"column":24},"end":{"line":11,"column":7}},"locations":[{"start":{"line":6,"column":24},"end":{"line":11,"column":7}}]},"2":{"type":"branch","line":7,"loc":{"start":{"line":7,"column":15},"end":{"line":8,"column":27}},"locations":[{"start":{"line":7,"column":15},"end":{"line":8,"column":27}}]},"3":{"type":"branch","line":7,"loc":{"start":{"line":7,"column":15},"end":{"line":10,"column":35}},"locations":[{"start":{"line":7,"column":15},"end":{"line":10,"column":35}}]},"4":{"type":"branch","line":9,"loc":{"start":{"line":9,"column":12},"end":{"line":10,"column":32}},"locations":[{"start":{"line":9,"column":12},"end":{"line":10,"column":32}}]},"5":{"type":"branch","line":9,"loc":{"start":{"line":9,"column":12},"end":{"line":10,"column":35}},"locations":[{"start":{"line":9,"column":12},"end":{"line":10,"column":35}}]},"6":{"type":"branch","line":20,"loc":{"start":{"line":20,"column":24},"end":{"line":20,"column":39}},"locations":[{"start":{"line":20,"column":24},"end":{"line":20,"column":39}}]},"7":{"type":"branch","line":20,"loc":{"start":{"line":20,"column":56},"end":{"line":20,"column":84}},"locations":[{"start":{"line":20,"column":56},"end":{"line":20,"column":84}}]},"8":{"type":"branch","line":20,"loc":{"start":{"line":20,"column":91},"end":{"line":20,"column":154}},"locations":[{"start":{"line":20,"column":91},"end":{"line":20,"column":154}}]}},"b":{"0":[4],"1":[8],"2":[3],"3":[5],"4":[2],"5":[3],"6":[1],"7":[5],"8":[2]},"fnMap":{"0":{"name":"sumArray","decl":{"start":{"line":5,"column":25},"end":{"line":12,"column":1}},"loc":{"start":{"line":5,"column":25},"end":{"line":12,"column":1}},"line":5},"1":{"name":"sumEven","decl":{"start":{"line":20,"column":24},"end":{"line":20,"column":39}},"loc":{"start":{"line":20,"column":24},"end":{"line":20,"column":39}},"line":20}},"f":{"0":4,"1":1}}
,"C:\\Users\\Marton_Szel\\Desktop\\EPAM\\H2G\\Module-3-Javascript-Coding-Task\\src\\sum-all-numbers-nested.js": {"path":"C:\\Users\\Marton_Szel\\Desktop\\EPAM\\H2G\\Module-3-Javascript-Coding-Task\\src\\sum-all-numbers-nested.js","all":false,"statementMap":{"0":{"start":{"line":1,"column":0},"end":{"line":1,"column":0}},"1":{"start":{"line":2,"column":0},"end":{"line":2,"column":13}},"2":{"start":{"line":3,"column":0},"end":{"line":3,"column":0}},"3":{"start":{"line":4,"column":0},"end":{"line":4,"column":14}},"4":{"start":{"line":5,"column":0},"end":{"line":5,"column":0}},"5":{"start":{"line":6,"column":0},"end":{"line":6,"column":36}},"6":{"start":{"line":7,"column":0},"end":{"line":7,"column":43}},"7":{"start":{"line":8,"column":0},"end":{"line":8,"column":39}},"8":{"start":{"line":9,"column":0},"end":{"line":9,"column":37}},"9":{"start":{"line":10,"column":0},"end":{"line":10,"column":62}},"10":{"start":{"line":11,"column":0},"end":{"line":11,"column":0}},"11":{"start":{"line":12,"column":0},"end":{"line":12,"column":0}},"12":{"start":{"line":13,"column":0},"end":{"line":13,"column":35}},"13":{"start":{"line":14,"column":0},"end":{"line":14,"column":10}},"14":{"start":{"line":15,"column":0},"end":{"line":15,"column":1}},"15":{"start":{"line":16,"column":0},"end":{"line":16,"column":58}},"16":{"start":{"line":17,"column":0},"end":{"line":17,"column":121}},"17":{"start":{"line":18,"column":0},"end":{"line":18,"column":0}},"18":{"start":{"line":19,"column":0},"end":{"line":19,"column":0}},"19":{"start":{"line":20,"column":0},"end":{"line":20,"column":14}},"20":{"start":{"line":21,"column":0},"end":{"line":21,"column":0}},"21":{"start":{"line":22,"column":0},"end":{"line":22,"column":161}},"22":{"start":{"line":23,"column":0},"end":{"line":23,"column":0}},"23":{"start":{"line":24,"column":0},"end":{"line":24,"column":60}},"24":{"start":{"line":25,"column":0},"end":{"line":25,"column":123}}},"s":{"0":1,"1":1,"2":1,"3":1,"4":1,"5":1,"6":12,"7":28,"8":18,"9":18,"10":8,"11":8,"12":8,"13":12,"14":12,"15":1,"16":1,"17":1,"18":1,"19":1,"20":1,"21":1,"22":1,"23":1,"24":1},"branchMap":{"0":{"type":"branch","line":6,"loc":{"start":{"line":6,"column":25},"end":{"line":15,"column":1}},"locations":[{"start":{"line":6,"column":25},"end":{"line":15,"column":1}}]},"1":{"type":"branch","line":7,"loc":{"start":{"line":7,"column":24},"end":{"line":14,"column":7}},"locations":[{"start":{"line":7,"column":24},"end":{"line":14,"column":7}}]},"2":{"type":"branch","line":8,"loc":{"start":{"line":8,"column":15},"end":{"line":9,"column":27}},"locations":[{"start":{"line":8,"column":15},"end":{"line":9,"column":27}}]},"3":{"type":"branch","line":8,"loc":{"start":{"line":8,"column":15},"end":{"line":13,"column":35}},"locations":[{"start":{"line":8,"column":15},"end":{"line":13,"column":35}}]},"4":{"type":"branch","line":10,"loc":{"start":{"line":10,"column":12},"end":{"line":10,"column":52}},"locations":[{"start":{"line":10,"column":12},"end":{"line":10,"column":52}}]},"5":{"type":"branch","line":10,"loc":{"start":{"line":10,"column":12},"end":{"line":13,"column":32}},"locations":[{"start":{"line":10,"column":12},"end":{"line":13,"column":32}}]},"6":{"type":"branch","line":10,"loc":{"start":{"line":10,"column":12},"end":{"line":13,"column":35}},"locations":[{"start":{"line":10,"column":12},"end":{"line":13,"column":35}}]},"7":{"type":"branch","line":22,"loc":{"start":{"line":22,"column":27},"end":{"line":22,"column":52}},"locations":[{"start":{"line":22,"column":27},"end":{"line":22,"column":52}}]},"8":{"type":"branch","line":22,"loc":{"start":{"line":22,"column":68},"end":{"line":22,"column":158}},"locations":[{"start":{"line":22,"column":68},"end":{"line":22,"column":158}}]},"9":{"type":"branch","line":22,"loc":{"start":{"line":22,"column":86},"end":{"line":22,"column":126}},"locations":[{"start":{"line":22,"column":86},"end":{"line":22,"column":126}}]},"10":{"type":"branch","line":22,"loc":{"start":{"line":22,"column":86},"end":{"line":22,"column":153}},"locations":[{"start":{"line":22,"column":86},"end":{"line":22,"column":153}}]},"11":{"type":"branch","line":22,"loc":{"start":{"line":22,"column":86},"end":{"line":22,"column":158}},"locations":[{"start":{"line":22,"column":86},"end":{"line":22,"column":158}}]}},"b":{"0":[12],"1":[28],"2":[10],"3":[18],"4":[12],"5":[10],"6":[8],"7":[2],"8":[18],"9":[12],"10":[10],"11":[8]},"fnMap":{"0":{"name":"sumArray","decl":{"start":{"line":6,"column":25},"end":{"line":15,"column":1}},"loc":{"start":{"line":6,"column":25},"end":{"line":15,"column":1}},"line":6},"1":{"name":"sumNumbers","decl":{"start":{"line":22,"column":27},"end":{"line":22,"column":52}},"loc":{"start":{"line":22,"column":27},"end":{"line":22,"column":52}},"line":22}},"f":{"0":12,"1":2}}
,"C:\\Users\\Marton_Szel\\Desktop\\EPAM\\H2G\\Module-3-Javascript-Coding-Task\\src\\sum-all-numbers.js": {"path":"C:\\Users\\Marton_Szel\\Desktop\\EPAM\\H2G\\Module-3-Javascript-Coding-Task\\src\\sum-all-numbers.js","all":false,"statementMap":{"0":{"start":{"line":1,"column":0},"end":{"line":1,"column":13}},"1":{"start":{"line":2,"column":0},"end":{"line":2,"column":0}},"2":{"start":{"line":3,"column":0},"end":{"line":3,"column":14}},"3":{"start":{"line":4,"column":0},"end":{"line":4,"column":0}},"4":{"start":{"line":5,"column":0},"end":{"line":5,"column":136}},"5":{"start":{"line":6,"column":0},"end":{"line":6,"column":0}},"6":{"start":{"line":7,"column":0},"end":{"line":7,"column":0}},"7":{"start":{"line":8,"column":0},"end":{"line":8,"column":43}},"8":{"start":{"line":9,"column":0},"end":{"line":9,"column":126}}},"s":{"0":1,"1":1,"2":1,"3":1,"4":1,"5":1,"6":1,"7":1,"8":1},"branchMap":{"0":{"type":"branch","line":5,"loc":{"start":{"line":5,"column":20},"end":{"line":5,"column":35}},"locations":[{"start":{"line":5,"column":20},"end":{"line":5,"column":35}}]},"1":{"type":"branch","line":5,"loc":{"start":{"line":5,"column":43},"end":{"line":5,"column":133}},"locations":[{"start":{"line":5,"column":43},"end":{"line":5,"column":133}}]},"2":{"type":"branch","line":5,"loc":{"start":{"line":5,"column":61},"end":{"line":5,"column":101}},"locations":[{"start":{"line":5,"column":61},"end":{"line":5,"column":101}}]},"3":{"type":"branch","line":5,"loc":{"start":{"line":5,"column":61},"end":{"line":5,"column":128}},"locations":[{"start":{"line":5,"column":61},"end":{"line":5,"column":128}}]},"4":{"type":"branch","line":5,"loc":{"start":{"line":5,"column":61},"end":{"line":5,"column":133}},"locations":[{"start":{"line":5,"column":61},"end":{"line":5,"column":133}}]}},"b":{"0":[2],"1":[7],"2":[6],"3":[6],"4":[1]},"fnMap":{"0":{"name":"sum","decl":{"start":{"line":5,"column":20},"end":{"line":5,"column":35}},"loc":{"start":{"line":5,"column":20},"end":{"line":5,"column":35}},"line":5}},"f":{"0":2}}
,"C:\\Users\\Marton_Szel\\Desktop\\EPAM\\H2G\\Module-3-Javascript-Coding-Task\\src\\uuid-blocks.js": {"path":"C:\\Users\\Marton_Szel\\Desktop\\EPAM\\H2G\\Module-3-Javascript-Coding-Task\\src\\uuid-blocks.js","all":false,"statementMap":{"0":{"start":{"line":1,"column":0},"end":{"line":1,"column":13}},"1":{"start":{"line":2,"column":0},"end":{"line":2,"column":0}},"2":{"start":{"line":3,"column":0},"end":{"line":3,"column":14}},"3":{"start":{"line":4,"column":0},"end":{"line":4,"column":0}},"4":{"start":{"line":5,"column":0},"end":{"line":5,"column":38}},"5":{"start":{"line":6,"column":0},"end":{"line":6,"column":0}},"6":{"start":{"line":7,"column":0},"end":{"line":7,"column":44}},"7":{"start":{"line":8,"column":0},"end":{"line":8,"column":0}},"8":{"start":{"line":9,"column":0},"end":{"line":9,"column":24}},"9":{"start":{"line":10,"column":0},"end":{"line":10,"column":0}},"10":{"start":{"line":11,"column":0},"end":{"line":11,"column":26}},"11":{"start":{"line":12,"column":0},"end":{"line":12,"column":0}},"12":{"start":{"line":13,"column":0},"end":{"line":13,"column":59}},"13":{"start":{"line":14,"column":0},"end":{"line":14,"column":54}},"14":{"start":{"line":15,"column":0},"end":{"line":15,"column":33}},"15":{"start":{"line":16,"column":0},"end":{"line":16,"column":5}},"16":{"start":{"line":17,"column":0},"end":{"line":17,"column":24}},"17":{"start":{"line":18,"column":0},"end":{"line":18,"column":1}},"18":{"start":{"line":19,"column":0},"end":{"line":19,"column":0}},"19":{"start":{"line":20,"column":0},"end":{"line":20,"column":170}},"20":{"start":{"line":21,"column":0},"end":{"line":21,"column":0}},"21":{"start":{"line":22,"column":0},"end":{"line":22,"column":14}},"22":{"start":{"line":23,"column":0},"end":{"line":23,"column":0}},"23":{"start":{"line":24,"column":0},"end":{"line":24,"column":38}},"24":{"start":{"line":25,"column":0},"end":{"line":25,"column":0}},"25":{"start":{"line":26,"column":0},"end":{"line":26,"column":43}},"26":{"start":{"line":27,"column":0},"end":{"line":27,"column":0}},"27":{"start":{"line":28,"column":0},"end":{"line":28,"column":26}},"28":{"start":{"line":29,"column":0},"end":{"line":29,"column":0}},"29":{"start":{"line":30,"column":0},"end":{"line":30,"column":56}},"30":{"start":{"line":31,"column":0},"end":{"line":31,"column":59}},"31":{"start":{"line":32,"column":0},"end":{"line":32,"column":5}},"32":{"start":{"line":33,"column":0},"end":{"line":33,"column":0}},"33":{"start":{"line":34,"column":0},"end":{"line":34,"column":24}},"34":{"start":{"line":35,"column":0},"end":{"line":35,"column":1}},"35":{"start":{"line":36,"column":0},"end":{"line":36,"column":0}},"36":{"start":{"line":37,"column":0},"end":{"line":37,"column":54}},"37":{"start":{"line":38,"column":0},"end":{"line":38,"column":0}},"38":{"start":{"line":39,"column":0},"end":{"line":39,"column":167}},"39":{"start":{"line":40,"column":0},"end":{"line":40,"column":0}},"40":{"start":{"line":41,"column":0},"end":{"line":41,"column":14}},"41":{"start":{"line":42,"column":0},"end":{"line":42,"column":0}},"42":{"start":{"line":43,"column":0},"end":{"line":43,"column":94}},"43":{"start":{"line":44,"column":0},"end":{"line":44,"column":0}},"44":{"start":{"line":45,"column":0},"end":{"line":45,"column":173}}},"s":{"0":1,"1":1,"2":1,"3":1,"4":1,"5":1,"6":1,"7":1,"8":1,"9":1,"10":1,"11":1,"12":1,"13":16,"14":16,"15":16,"16":1,"17":1,"18":1,"19":1,"20":1,"21":1,"22":1,"23":1,"24":1,"25":1,"26":1,"27":1,"28":1,"29":1,"30":16,"31":16,"32":1,"33":1,"34":1,"35":1,"36":1,"37":1,"38":1,"39":1,"40":1,"41":1,"42":1,"43":1,"44":1},"branchMap":{"0":{"type":"branch","line":5,"loc":{"start":{"line":5,"column":29},"end":{"line":18,"column":1}},"locations":[{"start":{"line":5,"column":29},"end":{"line":18,"column":1}}]},"1":{"type":"branch","line":13,"loc":{"start":{"line":13,"column":58},"end":{"line":16,"column":5}},"locations":[{"start":{"line":13,"column":58},"end":{"line":16,"column":5}}]},"2":{"type":"branch","line":24,"loc":{"start":{"line":24,"column":20},"end":{"line":35,"column":1}},"locations":[{"start":{"line":24,"column":20},"end":{"line":35,"column":1}}]},"3":{"type":"branch","line":30,"loc":{"start":{"line":30,"column":55},"end":{"line":32,"column":5}},"locations":[{"start":{"line":30,"column":55},"end":{"line":32,"column":5}}]},"4":{"type":"branch","line":37,"loc":{"start":{"line":37,"column":26},"end":{"line":37,"column":46}},"locations":[{"start":{"line":37,"column":26},"end":{"line":37,"column":46}}]},"5":{"type":"branch","line":43,"loc":{"start":{"line":43,"column":32},"end":{"line":43,"column":41}},"locations":[{"start":{"line":43,"column":32},"end":{"line":43,"column":41}}]}},"b":{"0":[1],"1":[16],"2":[1],"3":[16],"4":[1],"5":[1]},"fnMap":{"0":{"name":"getUUIDBlocks","decl":{"start":{"line":5,"column":29},"end":{"line":18,"column":1}},"loc":{"start":{"line":5,"column":29},"end":{"line":18,"column":1}},"line":5},"1":{"name":"formatArray","decl":{"start":{"line":24,"column":20},"end":{"line":35,"column":1}},"loc":{"start":{"line":24,"column":20},"end":{"line":35,"column":1}},"line":24},"2":{"name":"UUIDBlocks","decl":{"start":{"line":37,"column":26},"end":{"line":37,"column":46}},"loc":{"start":{"line":37,"column":26},"end":{"line":37,"column":46}},"line":37},"3":{"name":"formatUUIDBlocks","decl":{"start":{"line":43,"column":32},"end":{"line":43,"column":41}},"loc":{"start":{"line":43,"column":32},"end":{"line":43,"column":41}},"line":43}},"f":{"0":1,"1":1,"2":1,"3":1}}
,"C:\\Users\\Marton_Szel\\Desktop\\EPAM\\H2G\\Module-3-Javascript-Coding-Task\\src\\uuid-conversion.js": {"path":"C:\\Users\\Marton_Szel\\Desktop\\EPAM\\H2G\\Module-3-Javascript-Coding-Task\\src\\uuid-conversion.js","all":false,"statementMap":{"0":{"start":{"line":1,"column":0},"end":{"line":1,"column":13}},"1":{"start":{"line":2,"column":0},"end":{"line":2,"column":0}},"2":{"start":{"line":3,"column":0},"end":{"line":3,"column":14}},"3":{"start":{"line":4,"column":0},"end":{"line":4,"column":0}},"4":{"start":{"line":5,"column":0},"end":{"line":5,"column":47}},"5":{"start":{"line":6,"column":0},"end":{"line":6,"column":0}},"6":{"start":{"line":7,"column":0},"end":{"line":7,"column":75}},"7":{"start":{"line":8,"column":0},"end":{"line":8,"column":0}},"8":{"start":{"line":9,"column":0},"end":{"line":9,"column":24}},"9":{"start":{"line":10,"column":0},"end":{"line":10,"column":0}},"10":{"start":{"line":11,"column":0},"end":{"line":11,"column":34}},"11":{"start":{"line":12,"column":0},"end":{"line":12,"column":45}},"12":{"start":{"line":13,"column":0},"end":{"line":13,"column":7}},"13":{"start":{"line":14,"column":0},"end":{"line":14,"column":0}},"14":{"start":{"line":15,"column":0},"end":{"line":15,"column":20}},"15":{"start":{"line":16,"column":0},"end":{"line":16,"column":1}},"16":{"start":{"line":17,"column":0},"end":{"line":17,"column":0}},"17":{"start":{"line":18,"column":0},"end":{"line":18,"column":154}},"18":{"start":{"line":19,"column":0},"end":{"line":19,"column":0}},"19":{"start":{"line":20,"column":0},"end":{"line":20,"column":0}},"20":{"start":{"line":21,"column":0},"end":{"line":21,"column":14}},"21":{"start":{"line":22,"column":0},"end":{"line":22,"column":0}},"22":{"start":{"line":23,"column":0},"end":{"line":23,"column":146}},"23":{"start":{"line":24,"column":0},"end":{"line":24,"column":0}},"24":{"start":{"line":25,"column":0},"end":{"line":25,"column":151}}},"s":{"0":1,"1":1,"2":1,"3":1,"4":1,"5":1,"6":1,"7":1,"8":1,"9":1,"10":1,"11":16,"12":16,"13":1,"14":1,"15":1,"16":1,"17":1,"18":1,"19":1,"20":1,"21":1,"22":1,"23":1,"24":1},"branchMap":{"0":{"type":"branch","line":5,"loc":{"start":{"line":5,"column":38},"end":{"line":16,"column":1}},"locations":[{"start":{"line":5,"column":38},"end":{"line":16,"column":1}}]},"1":{"type":"branch","line":11,"loc":{"start":{"line":11,"column":22},"end":{"line":13,"column":7}},"locations":[{"start":{"line":11,"column":22},"end":{"line":13,"column":7}}]},"2":{"type":"branch","line":23,"loc":{"start":{"line":23,"column":35},"end":{"line":23,"column":44}},"locations":[{"start":{"line":23,"column":35},"end":{"line":23,"column":44}}]},"3":{"type":"branch","line":23,"loc":{"start":{"line":23,"column":102},"end":{"line":23,"column":133}},"locations":[{"start":{"line":23,"column":102},"end":{"line":23,"column":133}}]}},"b":{"0":[1],"1":[16],"2":[1],"3":[16]},"fnMap":{"0":{"name":"getConvertedUUIDBlocks","decl":{"start":{"line":5,"column":38},"end":{"line":16,"column":1}},"loc":{"start":{"line":5,"column":38},"end":{"line":16,"column":1}},"line":5},"1":{"name":"convertedUUIDBlocks","decl":{"start":{"line":23,"column":35},"end":{"line":23,"column":44}},"loc":{"start":{"line":23,"column":35},"end":{"line":23,"column":44}},"line":23}},"f":{"0":1,"1":1}}
}
