TN:
SF:src\content-weight.js
FN:13,contentWeight
FN:34,contentWeightCalc
FNF:2
FNH:2
FNDA:2,contentWeight
FNDA:2,contentWeightCalc
DA:1,1
DA:2,1
DA:3,1
DA:4,1
DA:5,1
DA:6,1
DA:7,1
DA:8,1
DA:9,1
DA:10,1
DA:11,1
DA:12,1
DA:13,1
DA:14,2
DA:15,2
DA:16,2
DA:17,2
DA:18,1
DA:19,1
DA:20,1
DA:21,2
DA:22,2
DA:23,2
DA:24,1
DA:25,1
DA:26,1
DA:27,1
DA:28,1
DA:29,1
DA:30,1
DA:31,1
DA:32,1
DA:33,1
DA:34,1
DA:35,1
DA:36,1
DA:37,1
DA:38,1
DA:39,1
DA:40,1
DA:41,1
LF:41
LH:41
BRDA:13,0,0,2
BRDA:17,1,0,1
BRDA:34,2,0,2
BRDA:35,3,0,1
BRDA:35,4,0,1
BRF:5
BRH:5
end_of_record
TN:
SF:src\file-extension.js
FN:5,getFileExtension
FN:19,extension
FNF:2
FNH:2
FNDA:2,getFileExtension
FNDA:2,extension
DA:1,1
DA:2,1
DA:3,1
DA:4,1
DA:5,1
DA:6,2
DA:7,2
DA:8,2
DA:9,1
DA:10,1
DA:11,1
DA:12,1
DA:13,1
DA:14,1
DA:15,1
DA:16,1
DA:17,1
DA:18,1
DA:19,1
DA:20,1
DA:21,1
DA:22,1
DA:23,1
DA:24,1
LF:24
LH:24
BRDA:5,0,0,2
BRDA:7,1,0,1
BRDA:7,2,0,1
BRDA:7,3,0,1
BRDA:19,4,0,2
BRDA:19,5,0,1
BRDA:19,6,0,1
BRF:7
BRH:7
end_of_record
TN:
SF:src\first-duplicate.js
FN:5,getFirstDuplicate
FN:53,findFirstDuplicate
FNF:2
FNH:2
FNDA:3,getFirstDuplicate
FNDA:3,findFirstDuplicate
DA:1,1
DA:2,1
DA:3,1
DA:4,1
DA:5,1
DA:6,3
DA:7,3
DA:8,1
DA:9,1
DA:10,3
DA:11,5
DA:12,5
DA:13,5
DA:14,5
DA:15,5
DA:16,1
DA:17,1
DA:18,5
DA:19,1
DA:20,1
DA:21,1
DA:22,1
DA:23,1
DA:24,1
DA:25,1
DA:26,1
DA:27,1
DA:28,1
DA:29,1
DA:30,1
DA:31,1
DA:32,1
DA:33,1
DA:34,1
DA:35,1
DA:36,1
DA:37,1
DA:38,1
DA:39,1
DA:40,1
DA:41,1
DA:42,1
DA:43,1
DA:44,1
DA:45,1
DA:46,1
DA:47,1
DA:48,1
DA:49,1
DA:50,1
DA:51,1
DA:52,1
DA:53,1
DA:54,1
DA:55,1
DA:56,1
DA:57,1
LF:57
LH:57
BRDA:5,0,0,3
BRDA:7,1,0,1
BRDA:10,2,0,2
BRDA:10,3,0,5
BRDA:15,4,0,1
BRDA:19,5,0,1
BRDA:53,6,0,3
BRDA:53,7,0,1
BRDA:53,8,0,5
BRF:9
BRH:9
end_of_record
TN:
SF:src\friday-13.js
FN:6,range
FN:8,getFriday13s
FN:48,friday13s
FN:51,getDaysArray
FN:73,getDaysArray
FN:85,findfriday13s
FNF:6
FNH:6
FNDA:1,range
FNDA:2,getFriday13s
FNDA:2,friday13s
FNDA:2,getDaysArray
FNDA:2,getDaysArray
FNDA:2,findfriday13s
DA:1,1
DA:2,1
DA:3,1
DA:4,1
DA:5,1
DA:6,1
DA:7,1
DA:8,1
DA:9,2
DA:10,2
DA:11,2
DA:12,2
DA:13,2
DA:14,2
DA:15,1
DA:16,12
DA:17,12
DA:18,12
DA:19,1
DA:20,1
DA:21,1
DA:22,12
DA:23,1
DA:24,1
DA:25,1
DA:26,1
DA:27,2
DA:28,24
DA:29,24
DA:30,24
DA:31,24
DA:32,2
DA:33,2
DA:34,2
DA:35,24
DA:36,2
DA:37,1
DA:38,1
DA:39,2
DA:40,1
DA:41,1
DA:42,1
DA:43,1
DA:44,1
DA:45,1
DA:46,1
DA:47,1
DA:48,1
DA:49,2
DA:50,2
DA:51,2
DA:52,2
DA:53,2
DA:54,1159
DA:55,1159
DA:56,2
DA:57,2
DA:58,2
DA:59,2
DA:60,1159
DA:61,1159
DA:62,2
DA:63,2
DA:64,1
DA:65,1
DA:66,1
DA:67,1
DA:68,1
DA:69,1
DA:70,1
DA:71,1
DA:72,1
DA:73,1
DA:74,2
DA:75,2
DA:76,2
DA:77,2
DA:78,2
DA:79,2
DA:80,1097
DA:81,1097
DA:82,2
DA:83,2
DA:84,1
DA:85,1
DA:86,1
DA:87,1
DA:88,1
DA:89,1
DA:90,1
DA:91,1
DA:92,1
LF:92
LH:92
BRDA:6,0,0,1
BRDA:6,1,0,2
BRDA:8,2,0,2
BRDA:14,3,0,1
BRDA:15,4,0,12
BRDA:18,5,0,1
BRDA:26,6,0,2
BRDA:27,7,0,24
BRDA:31,8,0,2
BRDA:48,9,0,2
BRDA:50,10,0,1
BRDA:50,11,0,1
BRDA:51,12,0,2
BRDA:53,13,0,1159
BRDA:59,14,0,1159
BRDA:60,15,0,165
BRDA:62,16,0,3
BRDA:73,17,0,2
BRDA:76,18,0,1
BRDA:76,19,0,1
BRDA:79,20,0,1097
BRDA:85,21,0,2
BRDA:87,22,0,1097
BRDA:87,23,0,157
BRDA:88,24,0,3
BRF:25
BRH:25
end_of_record
TN:
SF:src\longest-string.js
FN:5,getLongestString
FN:23,longestString
FN:35,otherLongestString
FNF:3
FNH:3
FNDA:2,getLongestString
FNDA:3,longestString
FNDA:2,otherLongestString
DA:1,1
DA:2,1
DA:3,1
DA:4,1
DA:5,1
DA:6,2
DA:7,2
DA:8,5
DA:9,1
DA:10,1
DA:11,5
DA:12,2
DA:13,2
DA:14,1
DA:15,1
DA:16,1
DA:17,1
DA:18,1
DA:19,1
DA:20,1
DA:21,1
DA:22,1
DA:23,1
DA:24,1
DA:25,1
DA:26,1
DA:27,1
DA:28,1
DA:29,1
DA:30,1
DA:31,1
DA:32,1
DA:33,1
DA:34,1
DA:35,1
DA:36,2
DA:37,1
DA:38,1
DA:39,1
DA:40,1
DA:41,1
LF:41
LH:41
BRDA:5,0,0,2
BRDA:7,1,0,5
BRDA:8,2,0,1
BRDA:8,3,0,1
BRDA:23,4,0,3
BRDA:24,5,0,8
BRDA:25,6,0,4
BRDA:25,7,0,2
BRDA:25,8,0,2
BRDA:35,9,0,2
BRDA:36,10,0,5
BRF:11
BRH:11
end_of_record
TN:
SF:src\order-elements.js
FN:9,order
FN:30,orderNumbers
FNF:2
FNH:2
FNDA:1,order
FNDA:1,orderNumbers
DA:1,1
DA:2,1
DA:3,1
DA:4,1
DA:5,1
DA:6,1
DA:7,1
DA:8,1
DA:9,1
DA:10,1
DA:11,1
DA:12,1
DA:13,1
DA:14,1
DA:15,1
DA:16,1
DA:17,10
DA:18,5
DA:19,10
DA:20,10
DA:21,1
DA:22,1
DA:23,1
DA:24,1
DA:25,1
DA:26,1
DA:27,1
DA:28,1
DA:29,1
DA:30,1
DA:31,1
DA:32,1
DA:33,1
LF:33
LH:33
BRDA:9,0,0,1
BRDA:14,1,0,13
BRDA:16,2,0,10
BRDA:17,3,0,5
BRDA:30,4,0,1
BRDA:30,5,0,23
BRDA:30,6,0,13
BRDA:30,7,0,6
BRDA:30,8,0,7
BRF:9
BRH:9
end_of_record
TN:
SF:src\palindrome.js
FN:7,isPalindrome
FN:18,clean
FN:20,palindrome
FNF:3
FNH:3
FNDA:3,isPalindrome
FNDA:3,clean
FNDA:3,palindrome
DA:1,1
DA:2,1
DA:3,1
DA:4,1
DA:5,1
DA:6,1
DA:7,1
DA:8,1
DA:9,1
DA:10,1
DA:11,1
DA:12,1
DA:13,1
DA:14,1
DA:15,1
DA:16,1
DA:17,1
DA:18,1
DA:19,1
DA:20,1
DA:21,3
DA:22,3
DA:23,3
DA:24,3
DA:25,3
DA:26,1
DA:27,1
DA:28,3
DA:29,10
DA:30,10
DA:31,1
DA:32,1
DA:33,10
DA:34,1
DA:35,1
DA:36,1
DA:37,1
DA:38,1
DA:39,1
DA:40,1
DA:41,1
DA:42,1
LF:42
LH:42
BRDA:7,0,0,3
BRDA:7,1,0,1
BRDA:7,2,0,2
BRDA:18,3,0,3
BRDA:20,4,0,3
BRDA:25,5,0,1
BRDA:28,6,0,2
BRDA:28,7,0,10
BRDA:30,8,0,1
BRDA:34,9,0,1
BRF:10
BRH:10
end_of_record
TN:
SF:src\square-negatives-and-sum.js
FN:5,formattedElement
FN:7,squareAndSum
FN:43,sumAndSquare
FNF:3
FNH:3
FNDA:7,formattedElement
FNDA:1,squareAndSum
FNDA:1,sumAndSquare
DA:1,1
DA:2,1
DA:3,1
DA:4,1
DA:5,1
DA:6,1
DA:7,1
DA:8,1
DA:9,1
DA:10,1
DA:11,1
DA:12,6
DA:13,6
DA:14,3
DA:15,3
DA:16,6
DA:17,6
DA:18,6
DA:19,6
DA:20,1
DA:21,1
DA:22,6
DA:23,6
DA:24,6
DA:25,1
DA:26,1
DA:27,1
DA:28,1
DA:29,1
DA:30,1
DA:31,1
DA:32,1
DA:33,1
DA:34,1
DA:35,1
DA:36,1
DA:37,1
DA:38,1
DA:39,1
DA:40,1
DA:41,1
DA:42,1
DA:43,1
DA:44,1
DA:45,1
DA:46,1
DA:47,1
DA:48,1
LF:48
LH:48
BRDA:5,0,0,7
BRDA:5,1,0,13
BRDA:7,2,0,1
BRDA:11,3,0,6
BRDA:13,4,0,3
BRDA:19,5,0,1
BRDA:43,6,0,1
BRDA:44,7,0,6
BRDA:44,8,0,3
BRDA:44,9,0,3
BRDA:45,10,0,6
BRDA:45,11,0,1
BRF:12
BRH:12
end_of_record
TN:
SF:src\sum-all-even-numbers.js
FN:5,sumArray
FN:20,sumEven
FNF:2
FNH:2
FNDA:4,sumArray
FNDA:1,sumEven
DA:1,1
DA:2,1
DA:3,1
DA:4,1
DA:5,1
DA:6,4
DA:7,8
DA:8,5
DA:9,5
DA:10,3
DA:11,4
DA:12,4
DA:13,1
DA:14,1
DA:15,1
DA:16,1
DA:17,1
DA:18,1
DA:19,1
DA:20,1
DA:21,1
DA:22,1
DA:23,1
LF:23
LH:23
BRDA:5,0,0,4
BRDA:6,1,0,8
BRDA:7,2,0,3
BRDA:7,3,0,5
BRDA:9,4,0,2
BRDA:9,5,0,3
BRDA:20,6,0,1
BRDA:20,7,0,5
BRDA:20,8,0,2
BRF:9
BRH:9
end_of_record
TN:
SF:src\sum-all-numbers-nested.js
FN:6,sumArray
FN:22,sumNumbers
FNF:2
FNH:2
FNDA:12,sumArray
FNDA:2,sumNumbers
DA:1,1
DA:2,1
DA:3,1
DA:4,1
DA:5,1
DA:6,1
DA:7,12
DA:8,28
DA:9,18
DA:10,18
DA:11,8
DA:12,8
DA:13,8
DA:14,12
DA:15,12
DA:16,1
DA:17,1
DA:18,1
DA:19,1
DA:20,1
DA:21,1
DA:22,1
DA:23,1
DA:24,1
DA:25,1
LF:25
LH:25
BRDA:6,0,0,12
BRDA:7,1,0,28
BRDA:8,2,0,10
BRDA:8,3,0,18
BRDA:10,4,0,12
BRDA:10,5,0,10
BRDA:10,6,0,8
BRDA:22,7,0,2
BRDA:22,8,0,18
BRDA:22,9,0,12
BRDA:22,10,0,10
BRDA:22,11,0,8
BRF:12
BRH:12
end_of_record
TN:
SF:src\sum-all-numbers.js
FN:5,sum
FNF:1
FNH:1
FNDA:2,sum
DA:1,1
DA:2,1
DA:3,1
DA:4,1
DA:5,1
DA:6,1
DA:7,1
DA:8,1
DA:9,1
LF:9
LH:9
BRDA:5,0,0,2
BRDA:5,1,0,7
BRDA:5,2,0,6
BRDA:5,3,0,6
BRDA:5,4,0,1
BRF:5
BRH:5
end_of_record
TN:
SF:src\uuid-blocks.js
FN:5,getUUIDBlocks
FN:24,formatArray
FN:37,UUIDBlocks
FN:43,formatUUIDBlocks
FNF:4
FNH:4
FNDA:1,getUUIDBlocks
FNDA:1,formatArray
FNDA:1,UUIDBlocks
FNDA:1,formatUUIDBlocks
DA:1,1
DA:2,1
DA:3,1
DA:4,1
DA:5,1
DA:6,1
DA:7,1
DA:8,1
DA:9,1
DA:10,1
DA:11,1
DA:12,1
DA:13,1
DA:14,16
DA:15,16
DA:16,16
DA:17,1
DA:18,1
DA:19,1
DA:20,1
DA:21,1
DA:22,1
DA:23,1
DA:24,1
DA:25,1
DA:26,1
DA:27,1
DA:28,1
DA:29,1
DA:30,1
DA:31,16
DA:32,16
DA:33,1
DA:34,1
DA:35,1
DA:36,1
DA:37,1
DA:38,1
DA:39,1
DA:40,1
DA:41,1
DA:42,1
DA:43,1
DA:44,1
DA:45,1
LF:45
LH:45
BRDA:5,0,0,1
BRDA:13,1,0,16
BRDA:24,2,0,1
BRDA:30,3,0,16
BRDA:37,4,0,1
BRDA:43,5,0,1
BRF:6
BRH:6
end_of_record
TN:
SF:src\uuid-conversion.js
FN:5,getConvertedUUIDBlocks
FN:23,convertedUUIDBlocks
FNF:2
FNH:2
FNDA:1,getConvertedUUIDBlocks
FNDA:1,convertedUUIDBlocks
DA:1,1
DA:2,1
DA:3,1
DA:4,1
DA:5,1
DA:6,1
DA:7,1
DA:8,1
DA:9,1
DA:10,1
DA:11,1
DA:12,16
DA:13,16
DA:14,1
DA:15,1
DA:16,1
DA:17,1
DA:18,1
DA:19,1
DA:20,1
DA:21,1
DA:22,1
DA:23,1
DA:24,1
DA:25,1
LF:25
LH:25
BRDA:5,0,0,1
BRDA:11,1,0,16
BRDA:23,2,0,1
BRDA:23,3,0,16
BRF:4
BRH:4
end_of_record
